<?xml version="1.0" encoding="UTF-8"?>
<!-- Generated: 2026-04-01T16:19:39 -->
<!-- Machine: 6XI226MACHINE | Run date: 20260401 | OS: 10.0.26200 -->
<!-- NOTE: Tests require Intel NIC hardware and installed driver -->
<testsuites name="IntelAvbFilter Hardware Tests 20260401" tests="68" failures="0" skipped="17" time="0">
  <testsuite name="test_dev_lifecycle" tests="20" failures="0" skipped="7" errors="0" time="32" hostname="6XI226MACHINE">
    <properties>
      <property name="log_file" value="test_dev_lifecycle.exe_20260401_155159.log"/>
      <property name="run_date" value="20260401"/>
      <property name="verifies" value="https://github.com/zarfld/IntelAvbFilter/issues/12"/>
      <property name="implements" value="https://github.com/zarfld/IntelAvbFilter/issues/313"/>
    </properties>
    <testcase name="UT-DEV-INIT-001: First-Time Device Initialization" classname="test_dev_lifecycle" time="0">
      <properties>
        <property name="verifies"   value="https://github.com/zarfld/IntelAvbFilter/issues/12"/>
        <property name="implements" value="https://github.com/zarfld/IntelAvbFilter/issues/313"/>
      </properties>
    </testcase>
    <testcase name="UT-DEV-INIT-002: Duplicate Initialization Prevention" classname="test_dev_lifecycle" time="0">
      <properties>
        <property name="verifies"   value="https://github.com/zarfld/IntelAvbFilter/issues/12"/>
        <property name="implements" value="https://github.com/zarfld/IntelAvbFilter/issues/313"/>
      </properties>
    </testcase>
    <testcase name="UT-DEV-INFO-001: Device Information Retrieval" classname="test_dev_lifecycle" time="0">
      <properties>
        <property name="verifies"   value="https://github.com/zarfld/IntelAvbFilter/issues/12"/>
        <property name="implements" value="https://github.com/zarfld/IntelAvbFilter/issues/313"/>
      </properties>
    </testcase>
    <testcase name="UT-DEV-INFO-002: Device Info Before Initialization" classname="test_dev_lifecycle" time="0">
      <properties>
        <property name="verifies"   value="https://github.com/zarfld/IntelAvbFilter/issues/12"/>
        <property name="implements" value="https://github.com/zarfld/IntelAvbFilter/issues/313"/>
      </properties>
    </testcase>
    <testcase name="UT-DEV-ENUM-001: Single Adapter Enumeration" classname="test_dev_lifecycle" time="0">
      <properties>
        <property name="verifies"   value="https://github.com/zarfld/IntelAvbFilter/issues/12"/>
        <property name="implements" value="https://github.com/zarfld/IntelAvbFilter/issues/313"/>
      </properties>
    </testcase>
    <testcase name="UT-DEV-ENUM-002: Multiple Adapter Enumeration" classname="test_dev_lifecycle" time="0">
      <properties>
        <property name="verifies"   value="https://github.com/zarfld/IntelAvbFilter/issues/12"/>
        <property name="implements" value="https://github.com/zarfld/IntelAvbFilter/issues/313"/>
      </properties>
    </testcase>
    <testcase name="UT-DEV-ENUM-003: Enumeration with No Adapters: Requires adapter removal" classname="test_dev_lifecycle" time="0">
      <properties>
        <property name="verifies"   value="https://github.com/zarfld/IntelAvbFilter/issues/12"/>
        <property name="implements" value="https://github.com/zarfld/IntelAvbFilter/issues/313"/>
      </properties>
      <skipped/>
    </testcase>
    <testcase name="UT-DEV-OPEN-001: Open First Available Adapter" classname="test_dev_lifecycle" time="0">
      <properties>
        <property name="verifies"   value="https://github.com/zarfld/IntelAvbFilter/issues/12"/>
        <property name="implements" value="https://github.com/zarfld/IntelAvbFilter/issues/313"/>
      </properties>
    </testcase>
    <testcase name="UT-DEV-OPEN-002: Open by Device Path" classname="test_dev_lifecycle" time="0">
      <properties>
        <property name="verifies"   value="https://github.com/zarfld/IntelAvbFilter/issues/12"/>
        <property name="implements" value="https://github.com/zarfld/IntelAvbFilter/issues/313"/>
      </properties>
    </testcase>
    <testcase name="UT-DEV-OPEN-003: Invalid Adapter Index Rejection" classname="test_dev_lifecycle" time="0">
      <properties>
        <property name="verifies"   value="https://github.com/zarfld/IntelAvbFilter/issues/12"/>
        <property name="implements" value="https://github.com/zarfld/IntelAvbFilter/issues/313"/>
      </properties>
    </testcase>
    <testcase name="UT-DEV-OPEN-004: Concurrent Open Requests" classname="test_dev_lifecycle" time="0">
      <properties>
        <property name="verifies"   value="https://github.com/zarfld/IntelAvbFilter/issues/12"/>
        <property name="implements" value="https://github.com/zarfld/IntelAvbFilter/issues/313"/>
      </properties>
    </testcase>
    <testcase name="UT-DEV-HW-STATE-001: Hardware State Retrieval - D0" classname="test_dev_lifecycle" time="0">
      <properties>
        <property name="verifies"   value="https://github.com/zarfld/IntelAvbFilter/issues/12"/>
        <property name="implements" value="https://github.com/zarfld/IntelAvbFilter/issues/313"/>
      </properties>
    </testcase>
    <testcase name="UT-DEV-HW-STATE-002: Hardware State During D3 Transition: Requires power management control" classname="test_dev_lifecycle" time="0">
      <properties>
        <property name="verifies"   value="https://github.com/zarfld/IntelAvbFilter/issues/12"/>
        <property name="implements" value="https://github.com/zarfld/IntelAvbFilter/issues/313"/>
      </properties>
      <skipped/>
    </testcase>
    <testcase name="UT-DEV-HW-STATE-003: Link State Detection: Requires manual cable toggle" classname="test_dev_lifecycle" time="0">
      <properties>
        <property name="verifies"   value="https://github.com/zarfld/IntelAvbFilter/issues/12"/>
        <property name="implements" value="https://github.com/zarfld/IntelAvbFilter/issues/313"/>
      </properties>
      <skipped/>
    </testcase>
    <testcase name="UT-DEV-HW-STATE-004: Resource Allocation Status" classname="test_dev_lifecycle" time="0">
      <properties>
        <property name="verifies"   value="https://github.com/zarfld/IntelAvbFilter/issues/12"/>
        <property name="implements" value="https://github.com/zarfld/IntelAvbFilter/issues/313"/>
      </properties>
    </testcase>
    <testcase name="UT-DEV-LIFECYCLE-001: Full Lifecycle Sequence" classname="test_dev_lifecycle" time="0">
      <properties>
        <property name="verifies"   value="https://github.com/zarfld/IntelAvbFilter/issues/12"/>
        <property name="implements" value="https://github.com/zarfld/IntelAvbFilter/issues/313"/>
      </properties>
    </testcase>
    <testcase name="UT-DEV-LIFECYCLE-002: Initialization After Failed Start: Requires failure injection mechanism" classname="test_dev_lifecycle" time="0">
      <properties>
        <property name="verifies"   value="https://github.com/zarfld/IntelAvbFilter/issues/12"/>
        <property name="implements" value="https://github.com/zarfld/IntelAvbFilter/issues/313"/>
      </properties>
      <skipped/>
    </testcase>
    <testcase name="UT-DEV-LIFECYCLE-003: Hot-Plug Device Detection: Requires manual hot-plug operation" classname="test_dev_lifecycle" time="0">
      <properties>
        <property name="verifies"   value="https://github.com/zarfld/IntelAvbFilter/issues/12"/>
        <property name="implements" value="https://github.com/zarfld/IntelAvbFilter/issues/313"/>
      </properties>
      <skipped/>
    </testcase>
    <testcase name="UT-DEV-LIFECYCLE-004: Graceful Shutdown Sequence: Requires driver shutdown test framework" classname="test_dev_lifecycle" time="0">
      <properties>
        <property name="verifies"   value="https://github.com/zarfld/IntelAvbFilter/issues/12"/>
        <property name="implements" value="https://github.com/zarfld/IntelAvbFilter/issues/313"/>
      </properties>
      <skipped/>
    </testcase>
    <testcase name="UT-DEV-LIFECYCLE-005: PnP Remove and Re-Add: Requires Device Manager control or devcon" classname="test_dev_lifecycle" time="0">
      <properties>
        <property name="verifies"   value="https://github.com/zarfld/IntelAvbFilter/issues/12"/>
        <property name="implements" value="https://github.com/zarfld/IntelAvbFilter/issues/313"/>
      </properties>
      <skipped/>
    </testcase>
  </testsuite>
  <testsuite name="test_hw_state" tests="12" failures="0" skipped="0" errors="0" time="31" hostname="6XI226MACHINE">
    <properties>
      <property name="log_file" value="test_hw_state.exe_20260401_161815.log"/>
      <property name="run_date" value="20260401"/>
      <property name="implements" value="https://github.com/zarfld/IntelAvbFilter/issues/288"/>
    </properties>
    <testcase name="TC-PCI-LAT-001[adapter 0]" classname="test_hw_state" time="0">
      <properties>
        <property name="implements" value="https://github.com/zarfld/IntelAvbFilter/issues/288"/>
      </properties>
    </testcase>
    <testcase name="TC-PCI-LAT-002[adapter 0]" classname="test_hw_state" time="0">
      <properties>
        <property name="implements" value="https://github.com/zarfld/IntelAvbFilter/issues/288"/>
      </properties>
    </testcase>
    <testcase name="TC-PCI-LAT-001[adapter 1]" classname="test_hw_state" time="0">
      <properties>
        <property name="implements" value="https://github.com/zarfld/IntelAvbFilter/issues/288"/>
      </properties>
    </testcase>
    <testcase name="TC-PCI-LAT-002[adapter 1]" classname="test_hw_state" time="0">
      <properties>
        <property name="implements" value="https://github.com/zarfld/IntelAvbFilter/issues/288"/>
      </properties>
    </testcase>
    <testcase name="TC-PCI-LAT-001[adapter 2]" classname="test_hw_state" time="0">
      <properties>
        <property name="implements" value="https://github.com/zarfld/IntelAvbFilter/issues/288"/>
      </properties>
    </testcase>
    <testcase name="TC-PCI-LAT-002[adapter 2]" classname="test_hw_state" time="0">
      <properties>
        <property name="implements" value="https://github.com/zarfld/IntelAvbFilter/issues/288"/>
      </properties>
    </testcase>
    <testcase name="TC-PCI-LAT-001[adapter 3]" classname="test_hw_state" time="0">
      <properties>
        <property name="implements" value="https://github.com/zarfld/IntelAvbFilter/issues/288"/>
      </properties>
    </testcase>
    <testcase name="TC-PCI-LAT-002[adapter 3]" classname="test_hw_state" time="0">
      <properties>
        <property name="implements" value="https://github.com/zarfld/IntelAvbFilter/issues/288"/>
      </properties>
    </testcase>
    <testcase name="TC-PCI-LAT-001[adapter 4]" classname="test_hw_state" time="0">
      <properties>
        <property name="implements" value="https://github.com/zarfld/IntelAvbFilter/issues/288"/>
      </properties>
    </testcase>
    <testcase name="TC-PCI-LAT-002[adapter 4]" classname="test_hw_state" time="0">
      <properties>
        <property name="implements" value="https://github.com/zarfld/IntelAvbFilter/issues/288"/>
      </properties>
    </testcase>
    <testcase name="TC-PCI-LAT-001[adapter 5]" classname="test_hw_state" time="0">
      <properties>
        <property name="implements" value="https://github.com/zarfld/IntelAvbFilter/issues/288"/>
      </properties>
    </testcase>
    <testcase name="TC-PCI-LAT-002[adapter 5]" classname="test_hw_state" time="0">
      <properties>
        <property name="implements" value="https://github.com/zarfld/IntelAvbFilter/issues/288"/>
      </properties>
    </testcase>
  </testsuite>
  <testsuite name="test_hw_state_machine" tests="1" failures="0" skipped="1" errors="0" time="65" hostname="6XI226MACHINE">
    <properties>
      <property name="log_file" value="test_hw_state_machine.exe_20260401_155428.log"/>
      <property name="run_date" value="20260401"/>
      <property name="implements" value="https://github.com/zarfld/IntelAvbFilter/issues/18"/>
    </properties>
    <testcase name="test_hw_state_machine (overall)" classname="test_hw_state_machine" time="0">
      <properties>
        <property name="implements" value="https://github.com/zarfld/IntelAvbFilter/issues/18"/>
      </properties>
      <skipped/>
    </testcase>
  </testsuite>
  <testsuite name="test_ioctl_simple" tests="1" failures="0" skipped="1" errors="0" time="25" hostname="6XI226MACHINE">
    <properties>
      <property name="log_file" value="test_ioctl_simple.exe_20260401_155036.log"/>
      <property name="run_date" value="20260401"/>
      <property name="verifies" value="https://github.com/zarfld/IntelAvbFilter/issues/25"/>
    </properties>
    <testcase name="test_ioctl_simple (overall)" classname="test_ioctl_simple" time="0">
      <properties>
        <property name="verifies"   value="https://github.com/zarfld/IntelAvbFilter/issues/25"/>
      </properties>
      <skipped/>
    </testcase>
  </testsuite>
  <testsuite name="test_ioctl_version" tests="3" failures="0" skipped="0" errors="0" time="30" hostname="6XI226MACHINE">
    <properties>
      <property name="log_file" value="test_ioctl_version.exe_20260401_155542.log"/>
      <property name="run_date" value="20260401"/>
      <property name="verifies" value="https://github.com/zarfld/IntelAvbFilter/issues/64"/>
      <property name="implements" value="https://github.com/zarfld/IntelAvbFilter/issues/273"/>
    </properties>
    <testcase name="UT-VERSION-001: Driver version = 1.0.0.0 Ô£ô" classname="test_ioctl_version" time="0">
      <properties>
        <property name="verifies"   value="https://github.com/zarfld/IntelAvbFilter/issues/64"/>
        <property name="implements" value="https://github.com/zarfld/IntelAvbFilter/issues/273"/>
      </properties>
    </testcase>
    <testcase name="UT-VERSION-002: Buffer size correct (12 bytes = sizeof(IOCTL_VERSION)) Ô£ô" classname="test_ioctl_version" time="0">
      <properties>
        <property name="verifies"   value="https://github.com/zarfld/IntelAvbFilter/issues/64"/>
        <property name="implements" value="https://github.com/zarfld/IntelAvbFilter/issues/273"/>
      </properties>
    </testcase>
    <testcase name="UT-VERSION-003: 100 queries consistent (all return 1.0.0.0) Ô£ô" classname="test_ioctl_version" time="0">
      <properties>
        <property name="verifies"   value="https://github.com/zarfld/IntelAvbFilter/issues/64"/>
        <property name="implements" value="https://github.com/zarfld/IntelAvbFilter/issues/273"/>
      </properties>
    </testcase>
  </testsuite>
  <testsuite name="test_lazy_initialization" tests="1" failures="0" skipped="1" errors="0" time="28" hostname="6XI226MACHINE">
    <properties>
      <property name="log_file" value="test_lazy_initialization.exe_20260401_155336.log"/>
      <property name="run_date" value="20260401"/>
      <property name="implements" value="https://github.com/zarfld/IntelAvbFilter/issues/16"/>
    </properties>
    <testcase name="test_lazy_initialization (overall)" classname="test_lazy_initialization" time="0">
      <properties>
        <property name="implements" value="https://github.com/zarfld/IntelAvbFilter/issues/16"/>
      </properties>
      <skipped/>
    </testcase>
  </testsuite>
  <testsuite name="test_lifecycle_coverage" tests="30" failures="0" skipped="7" errors="0" time="29" hostname="6XI226MACHINE">
    <properties>
      <property name="log_file" value="test_lifecycle_coverage.exe_20260401_155247.log"/>
      <property name="run_date" value="20260401"/>
      <property name="verifies" value="https://github.com/zarfld/IntelAvbFilter/issues/36"/>
      <property name="implements" value="https://github.com/zarfld/IntelAvbFilter/issues/265"/>
    </properties>
    <testcase name="[Adapter0[VEN_8086:DEV_125B]] TC-LCY-001: FilterAttachCount]=1 and FilterRestartCount]=1 after bind" classname="test_lifecycle_coverage" time="0">
      <properties>
        <property name="verifies"   value="https://github.com/zarfld/IntelAvbFilter/issues/36"/>
        <property name="implements" value="https://github.com/zarfld/IntelAvbFilter/issues/265"/>
      </properties>
    </testcase>
    <testcase name="[Adapter0[VEN_8086:DEV_125B]] TC-LCY-002: OidRequestCount ] 0 after driver bind" classname="test_lifecycle_coverage" time="0">
      <properties>
        <property name="verifies"   value="https://github.com/zarfld/IntelAvbFilter/issues/36"/>
        <property name="implements" value="https://github.com/zarfld/IntelAvbFilter/issues/265"/>
      </properties>
    </testcase>
    <testcase name="[Adapter0[VEN_8086:DEV_125B]] TC-LCY-003: Gauge invariants - OutstandingNBLs and OutstandingOids in sane range" classname="test_lifecycle_coverage" time="0">
      <properties>
        <property name="verifies"   value="https://github.com/zarfld/IntelAvbFilter/issues/36"/>
        <property name="implements" value="https://github.com/zarfld/IntelAvbFilter/issues/265"/>
      </properties>
    </testcase>
    <testcase name="[Adapter0[VEN_8086:DEV_125B]] TC-LCY-005: IoctlCount increments by exactly 1 per GET_STATISTICS call" classname="test_lifecycle_coverage" time="0">
      <properties>
        <property name="verifies"   value="https://github.com/zarfld/IntelAvbFilter/issues/36"/>
        <property name="implements" value="https://github.com/zarfld/IntelAvbFilter/issues/265"/>
      </properties>
    </testcase>
    <testcase name="[Adapter0[VEN_8086:DEV_125B]] TC-LCY-006: NIC disable/re-enable - Pause+Restart deltas and zero NBL gauges" classname="test_lifecycle_coverage" time="0">
      <properties>
        <property name="verifies"   value="https://github.com/zarfld/IntelAvbFilter/issues/36"/>
        <property name="implements" value="https://github.com/zarfld/IntelAvbFilter/issues/265"/>
      </properties>
      <skipped/>
    </testcase>
    <testcase name="[Adapter1[VEN_8086:DEV_125B]] TC-LCY-001: FilterAttachCount]=1 and FilterRestartCount]=1 after bind" classname="test_lifecycle_coverage" time="0">
      <properties>
        <property name="verifies"   value="https://github.com/zarfld/IntelAvbFilter/issues/36"/>
        <property name="implements" value="https://github.com/zarfld/IntelAvbFilter/issues/265"/>
      </properties>
    </testcase>
    <testcase name="[Adapter1[VEN_8086:DEV_125B]] TC-LCY-002: OidRequestCount ] 0 after driver bind" classname="test_lifecycle_coverage" time="0">
      <properties>
        <property name="verifies"   value="https://github.com/zarfld/IntelAvbFilter/issues/36"/>
        <property name="implements" value="https://github.com/zarfld/IntelAvbFilter/issues/265"/>
      </properties>
    </testcase>
    <testcase name="[Adapter1[VEN_8086:DEV_125B]] TC-LCY-003: Gauge invariants - OutstandingNBLs and OutstandingOids in sane range" classname="test_lifecycle_coverage" time="0">
      <properties>
        <property name="verifies"   value="https://github.com/zarfld/IntelAvbFilter/issues/36"/>
        <property name="implements" value="https://github.com/zarfld/IntelAvbFilter/issues/265"/>
      </properties>
    </testcase>
    <testcase name="[Adapter1[VEN_8086:DEV_125B]] TC-LCY-005: IoctlCount increments by exactly 1 per GET_STATISTICS call" classname="test_lifecycle_coverage" time="0">
      <properties>
        <property name="verifies"   value="https://github.com/zarfld/IntelAvbFilter/issues/36"/>
        <property name="implements" value="https://github.com/zarfld/IntelAvbFilter/issues/265"/>
      </properties>
    </testcase>
    <testcase name="[Adapter1[VEN_8086:DEV_125B]] TC-LCY-006: NIC disable/re-enable - Pause+Restart deltas and zero NBL gauges" classname="test_lifecycle_coverage" time="0">
      <properties>
        <property name="verifies"   value="https://github.com/zarfld/IntelAvbFilter/issues/36"/>
        <property name="implements" value="https://github.com/zarfld/IntelAvbFilter/issues/265"/>
      </properties>
      <skipped/>
    </testcase>
    <testcase name="[Adapter2[VEN_8086:DEV_125B]] TC-LCY-001: FilterAttachCount]=1 and FilterRestartCount]=1 after bind" classname="test_lifecycle_coverage" time="0">
      <properties>
        <property name="verifies"   value="https://github.com/zarfld/IntelAvbFilter/issues/36"/>
        <property name="implements" value="https://github.com/zarfld/IntelAvbFilter/issues/265"/>
      </properties>
    </testcase>
    <testcase name="[Adapter2[VEN_8086:DEV_125B]] TC-LCY-002: OidRequestCount ] 0 after driver bind" classname="test_lifecycle_coverage" time="0">
      <properties>
        <property name="verifies"   value="https://github.com/zarfld/IntelAvbFilter/issues/36"/>
        <property name="implements" value="https://github.com/zarfld/IntelAvbFilter/issues/265"/>
      </properties>
    </testcase>
    <testcase name="[Adapter2[VEN_8086:DEV_125B]] TC-LCY-003: Gauge invariants - OutstandingNBLs and OutstandingOids in sane range" classname="test_lifecycle_coverage" time="0">
      <properties>
        <property name="verifies"   value="https://github.com/zarfld/IntelAvbFilter/issues/36"/>
        <property name="implements" value="https://github.com/zarfld/IntelAvbFilter/issues/265"/>
      </properties>
    </testcase>
    <testcase name="[Adapter2[VEN_8086:DEV_125B]] TC-LCY-005: IoctlCount increments by exactly 1 per GET_STATISTICS call" classname="test_lifecycle_coverage" time="0">
      <properties>
        <property name="verifies"   value="https://github.com/zarfld/IntelAvbFilter/issues/36"/>
        <property name="implements" value="https://github.com/zarfld/IntelAvbFilter/issues/265"/>
      </properties>
    </testcase>
    <testcase name="[Adapter2[VEN_8086:DEV_125B]] TC-LCY-006: NIC disable/re-enable - Pause+Restart deltas and zero NBL gauges" classname="test_lifecycle_coverage" time="0">
      <properties>
        <property name="verifies"   value="https://github.com/zarfld/IntelAvbFilter/issues/36"/>
        <property name="implements" value="https://github.com/zarfld/IntelAvbFilter/issues/265"/>
      </properties>
      <skipped/>
    </testcase>
    <testcase name="[Adapter3[VEN_8086:DEV_125B]] TC-LCY-001: FilterAttachCount]=1 and FilterRestartCount]=1 after bind" classname="test_lifecycle_coverage" time="0">
      <properties>
        <property name="verifies"   value="https://github.com/zarfld/IntelAvbFilter/issues/36"/>
        <property name="implements" value="https://github.com/zarfld/IntelAvbFilter/issues/265"/>
      </properties>
    </testcase>
    <testcase name="[Adapter3[VEN_8086:DEV_125B]] TC-LCY-002: OidRequestCount ] 0 after driver bind" classname="test_lifecycle_coverage" time="0">
      <properties>
        <property name="verifies"   value="https://github.com/zarfld/IntelAvbFilter/issues/36"/>
        <property name="implements" value="https://github.com/zarfld/IntelAvbFilter/issues/265"/>
      </properties>
    </testcase>
    <testcase name="[Adapter3[VEN_8086:DEV_125B]] TC-LCY-003: Gauge invariants - OutstandingNBLs and OutstandingOids in sane range" classname="test_lifecycle_coverage" time="0">
      <properties>
        <property name="verifies"   value="https://github.com/zarfld/IntelAvbFilter/issues/36"/>
        <property name="implements" value="https://github.com/zarfld/IntelAvbFilter/issues/265"/>
      </properties>
    </testcase>
    <testcase name="[Adapter3[VEN_8086:DEV_125B]] TC-LCY-005: IoctlCount increments by exactly 1 per GET_STATISTICS call" classname="test_lifecycle_coverage" time="0">
      <properties>
        <property name="verifies"   value="https://github.com/zarfld/IntelAvbFilter/issues/36"/>
        <property name="implements" value="https://github.com/zarfld/IntelAvbFilter/issues/265"/>
      </properties>
    </testcase>
    <testcase name="[Adapter3[VEN_8086:DEV_125B]] TC-LCY-006: NIC disable/re-enable - Pause+Restart deltas and zero NBL gauges" classname="test_lifecycle_coverage" time="0">
      <properties>
        <property name="verifies"   value="https://github.com/zarfld/IntelAvbFilter/issues/36"/>
        <property name="implements" value="https://github.com/zarfld/IntelAvbFilter/issues/265"/>
      </properties>
      <skipped/>
    </testcase>
    <testcase name="[Adapter4[VEN_8086:DEV_125B]] TC-LCY-001: FilterAttachCount]=1 and FilterRestartCount]=1 after bind" classname="test_lifecycle_coverage" time="0">
      <properties>
        <property name="verifies"   value="https://github.com/zarfld/IntelAvbFilter/issues/36"/>
        <property name="implements" value="https://github.com/zarfld/IntelAvbFilter/issues/265"/>
      </properties>
    </testcase>
    <testcase name="[Adapter4[VEN_8086:DEV_125B]] TC-LCY-002: OidRequestCount ] 0 after driver bind" classname="test_lifecycle_coverage" time="0">
      <properties>
        <property name="verifies"   value="https://github.com/zarfld/IntelAvbFilter/issues/36"/>
        <property name="implements" value="https://github.com/zarfld/IntelAvbFilter/issues/265"/>
      </properties>
    </testcase>
    <testcase name="[Adapter4[VEN_8086:DEV_125B]] TC-LCY-003: Gauge invariants - OutstandingNBLs and OutstandingOids in sane range" classname="test_lifecycle_coverage" time="0">
      <properties>
        <property name="verifies"   value="https://github.com/zarfld/IntelAvbFilter/issues/36"/>
        <property name="implements" value="https://github.com/zarfld/IntelAvbFilter/issues/265"/>
      </properties>
    </testcase>
    <testcase name="[Adapter4[VEN_8086:DEV_125B]] TC-LCY-005: IoctlCount increments by exactly 1 per GET_STATISTICS call" classname="test_lifecycle_coverage" time="0">
      <properties>
        <property name="verifies"   value="https://github.com/zarfld/IntelAvbFilter/issues/36"/>
        <property name="implements" value="https://github.com/zarfld/IntelAvbFilter/issues/265"/>
      </properties>
    </testcase>
    <testcase name="[Adapter4[VEN_8086:DEV_125B]] TC-LCY-006: NIC disable/re-enable - Pause+Restart deltas and zero NBL gauges" classname="test_lifecycle_coverage" time="0">
      <properties>
        <property name="verifies"   value="https://github.com/zarfld/IntelAvbFilter/issues/36"/>
        <property name="implements" value="https://github.com/zarfld/IntelAvbFilter/issues/265"/>
      </properties>
      <skipped/>
    </testcase>
    <testcase name="[Adapter5[VEN_8086:DEV_125B]] TC-LCY-001: FilterAttachCount]=1 and FilterRestartCount]=1 after bind" classname="test_lifecycle_coverage" time="0">
      <properties>
        <property name="verifies"   value="https://github.com/zarfld/IntelAvbFilter/issues/36"/>
        <property name="implements" value="https://github.com/zarfld/IntelAvbFilter/issues/265"/>
      </properties>
      <skipped/>
    </testcase>
    <testcase name="[Adapter5[VEN_8086:DEV_125B]] TC-LCY-002: OidRequestCount ] 0 after driver bind" classname="test_lifecycle_coverage" time="0">
      <properties>
        <property name="verifies"   value="https://github.com/zarfld/IntelAvbFilter/issues/36"/>
        <property name="implements" value="https://github.com/zarfld/IntelAvbFilter/issues/265"/>
      </properties>
    </testcase>
    <testcase name="[Adapter5[VEN_8086:DEV_125B]] TC-LCY-003: Gauge invariants - OutstandingNBLs and OutstandingOids in sane range" classname="test_lifecycle_coverage" time="0">
      <properties>
        <property name="verifies"   value="https://github.com/zarfld/IntelAvbFilter/issues/36"/>
        <property name="implements" value="https://github.com/zarfld/IntelAvbFilter/issues/265"/>
      </properties>
    </testcase>
    <testcase name="[Adapter5[VEN_8086:DEV_125B]] TC-LCY-005: IoctlCount increments by exactly 1 per GET_STATISTICS call" classname="test_lifecycle_coverage" time="0">
      <properties>
        <property name="verifies"   value="https://github.com/zarfld/IntelAvbFilter/issues/36"/>
        <property name="implements" value="https://github.com/zarfld/IntelAvbFilter/issues/265"/>
      </properties>
    </testcase>
    <testcase name="[Adapter5[VEN_8086:DEV_125B]] TC-LCY-006: NIC disable/re-enable - Pause+Restart deltas and zero NBL gauges" classname="test_lifecycle_coverage" time="0">
      <properties>
        <property name="verifies"   value="https://github.com/zarfld/IntelAvbFilter/issues/36"/>
        <property name="implements" value="https://github.com/zarfld/IntelAvbFilter/issues/265"/>
      </properties>
      <skipped/>
    </testcase>
  </testsuite>
</testsuites>

