<?xml version="1.0" encoding="UTF-8"?>
<!-- Generated: 2026-03-31T13:44:52 -->
<!-- Machine: 6XI226MACHINE | Run date: 20260331 | OS: 10.0.26200 -->
<!-- NOTE: Tests require Intel NIC hardware and installed driver -->
<testsuites name="IntelAvbFilter Hardware Tests 20260331" tests="45" failures="0" skipped="12" time="0">
  <testsuite name="test_ioctl_launch_time" tests="18" failures="0" skipped="12" errors="0" time="26" hostname="6XI226MACHINE">
    <properties>
      <property name="log_file" value="test_ioctl_launch_time.exe_20260331_104342.log"/>
      <property name="run_date" value="20260331"/>
      <property name="implements" value="https://github.com/zarfld/IntelAvbFilter/issues/6"/>
      <property name="implements" value="https://github.com/zarfld/IntelAvbFilter/issues/209"/>
    </properties>
    <testcase name="TC-LAUNCH-ABI-001" classname="test_ioctl_launch_time" time="0">
      <properties>
        <property name="implements" value="https://github.com/zarfld/IntelAvbFilter/issues/6"/>
        <property name="implements" value="https://github.com/zarfld/IntelAvbFilter/issues/209"/>
      </properties>
    </testcase>
    <testcase name="TC-LAUNCH-ABI-002" classname="test_ioctl_launch_time" time="0">
      <properties>
        <property name="implements" value="https://github.com/zarfld/IntelAvbFilter/issues/6"/>
        <property name="implements" value="https://github.com/zarfld/IntelAvbFilter/issues/209"/>
      </properties>
    </testcase>
    <testcase name="TC-LAUNCH-API-001" classname="test_ioctl_launch_time" time="0">
      <properties>
        <property name="implements" value="https://github.com/zarfld/IntelAvbFilter/issues/6"/>
        <property name="implements" value="https://github.com/zarfld/IntelAvbFilter/issues/209"/>
      </properties>
    </testcase>
    <testcase name="UT-LAUNCH-004" classname="test_ioctl_launch_time" time="0">
      <properties>
        <property name="implements" value="https://github.com/zarfld/IntelAvbFilter/issues/6"/>
        <property name="implements" value="https://github.com/zarfld/IntelAvbFilter/issues/209"/>
      </properties>
    </testcase>
    <testcase name="UT-LAUNCH-007" classname="test_ioctl_launch_time" time="0">
      <properties>
        <property name="implements" value="https://github.com/zarfld/IntelAvbFilter/issues/6"/>
        <property name="implements" value="https://github.com/zarfld/IntelAvbFilter/issues/209"/>
      </properties>
    </testcase>
    <testcase name="UT-LAUNCH-010" classname="test_ioctl_launch_time" time="0">
      <properties>
        <property name="implements" value="https://github.com/zarfld/IntelAvbFilter/issues/6"/>
        <property name="implements" value="https://github.com/zarfld/IntelAvbFilter/issues/209"/>
      </properties>
    </testcase>
    <testcase name="UT-LAUNCH-001: Requires GPIO TX timestamp measurement ÔÇö oscilloscope + hardware rig needed" classname="test_ioctl_launch_time" time="0">
      <properties>
        <property name="implements" value="https://github.com/zarfld/IntelAvbFilter/issues/6"/>
        <property name="implements" value="https://github.com/zarfld/IntelAvbFilter/issues/209"/>
      </properties>
      <skipped/>
    </testcase>
    <testcase name="UT-LAUNCH-002: Requires hardware measurement rig with sub-┬Ás resolution" classname="test_ioctl_launch_time" time="0">
      <properties>
        <property name="implements" value="https://github.com/zarfld/IntelAvbFilter/issues/6"/>
        <property name="implements" value="https://github.com/zarfld/IntelAvbFilter/issues/209"/>
      </properties>
      <skipped/>
    </testcase>
    <testcase name="UT-LAUNCH-003: Requires TX packet injection + GPIO timestamp capture hardware" classname="test_ioctl_launch_time" time="0">
      <properties>
        <property name="implements" value="https://github.com/zarfld/IntelAvbFilter/issues/6"/>
        <property name="implements" value="https://github.com/zarfld/IntelAvbFilter/issues/209"/>
      </properties>
      <skipped/>
    </testcase>
    <testcase name="UT-LAUNCH-005: Requires TAS (IOCTL_AVB_SETUP_TAS) configured with matching GCL" classname="test_ioctl_launch_time" time="0">
      <properties>
        <property name="implements" value="https://github.com/zarfld/IntelAvbFilter/issues/6"/>
        <property name="implements" value="https://github.com/zarfld/IntelAvbFilter/issues/209"/>
      </properties>
      <skipped/>
    </testcase>
    <testcase name="UT-LAUNCH-006: Requires CBS bandwidth allocation + launch time combined hardware test" classname="test_ioctl_launch_time" time="0">
      <properties>
        <property name="implements" value="https://github.com/zarfld/IntelAvbFilter/issues/6"/>
        <property name="implements" value="https://github.com/zarfld/IntelAvbFilter/issues/209"/>
      </properties>
      <skipped/>
    </testcase>
    <testcase name="UT-LAUNCH-008: Requires PHC near UINT64_MAX overflow ÔÇö impractical in normal test environment" classname="test_ioctl_launch_time" time="0">
      <properties>
        <property name="implements" value="https://github.com/zarfld/IntelAvbFilter/issues/6"/>
        <property name="implements" value="https://github.com/zarfld/IntelAvbFilter/issues/209"/>
      </properties>
      <skipped/>
    </testcase>
    <testcase name="UT-LAUNCH-009: Requires simultaneous TX on multiple TC queues with hardware measurement" classname="test_ioctl_launch_time" time="0">
      <properties>
        <property name="implements" value="https://github.com/zarfld/IntelAvbFilter/issues/6"/>
        <property name="implements" value="https://github.com/zarfld/IntelAvbFilter/issues/209"/>
      </properties>
      <skipped/>
    </testcase>
    <testcase name="IT-LAUNCH-001: Requires two I225/I226 NICs synchronised via gPTP ÔÇö hardware lab configuration" classname="test_ioctl_launch_time" time="0">
      <properties>
        <property name="implements" value="https://github.com/zarfld/IntelAvbFilter/issues/6"/>
        <property name="implements" value="https://github.com/zarfld/IntelAvbFilter/issues/209"/>
      </properties>
      <skipped/>
    </testcase>
    <testcase name="IT-LAUNCH-002: Requires CBS + launch time combined hardware traffic generation" classname="test_ioctl_launch_time" time="0">
      <properties>
        <property name="implements" value="https://github.com/zarfld/IntelAvbFilter/issues/6"/>
        <property name="implements" value="https://github.com/zarfld/IntelAvbFilter/issues/209"/>
      </properties>
      <skipped/>
    </testcase>
    <testcase name="IT-LAUNCH-003: Requires 48kHz audio stream playback with AVB talker/listener hardware" classname="test_ioctl_launch_time" time="0">
      <properties>
        <property name="implements" value="https://github.com/zarfld/IntelAvbFilter/issues/6"/>
        <property name="implements" value="https://github.com/zarfld/IntelAvbFilter/issues/209"/>
      </properties>
      <skipped/>
    </testcase>
    <testcase name="VV-LAUNCH-001: Requires 24-hour hardware soak ÔÇö cannot run in automated CI" classname="test_ioctl_launch_time" time="0">
      <properties>
        <property name="implements" value="https://github.com/zarfld/IntelAvbFilter/issues/6"/>
        <property name="implements" value="https://github.com/zarfld/IntelAvbFilter/issues/209"/>
      </properties>
      <skipped/>
    </testcase>
    <testcase name="VV-LAUNCH-002: Requires IEC 61000-4-x EMI test chamber and calibrated interference source" classname="test_ioctl_launch_time" time="0">
      <properties>
        <property name="implements" value="https://github.com/zarfld/IntelAvbFilter/issues/6"/>
        <property name="implements" value="https://github.com/zarfld/IntelAvbFilter/issues/209"/>
      </properties>
      <skipped/>
    </testcase>
  </testsuite>
  <testsuite name="test_ioctl_version" tests="3" failures="0" skipped="0" errors="0" time="26" hostname="6XI226MACHINE">
    <properties>
      <property name="log_file" value="test_ioctl_version.exe_20260331_121411.log"/>
      <property name="run_date" value="20260331"/>
      <property name="verifies" value="https://github.com/zarfld/IntelAvbFilter/issues/64"/>
      <property name="implements" value="https://github.com/zarfld/IntelAvbFilter/issues/273"/>
    </properties>
    <testcase name="UT-VERSION-001: Driver version = 1.0.0.0 Ô£ô" classname="test_ioctl_version" time="0">
      <properties>
        <property name="verifies"   value="https://github.com/zarfld/IntelAvbFilter/issues/64"/>
        <property name="implements" value="https://github.com/zarfld/IntelAvbFilter/issues/273"/>
      </properties>
    </testcase>
    <testcase name="UT-VERSION-002: Buffer size correct (12 bytes = sizeof(IOCTL_VERSION)) Ô£ô" classname="test_ioctl_version" time="0">
      <properties>
        <property name="verifies"   value="https://github.com/zarfld/IntelAvbFilter/issues/64"/>
        <property name="implements" value="https://github.com/zarfld/IntelAvbFilter/issues/273"/>
      </properties>
    </testcase>
    <testcase name="UT-VERSION-003: 100 queries consistent (all return 1.0.0.0) Ô£ô" classname="test_ioctl_version" time="0">
      <properties>
        <property name="verifies"   value="https://github.com/zarfld/IntelAvbFilter/issues/64"/>
        <property name="implements" value="https://github.com/zarfld/IntelAvbFilter/issues/273"/>
      </properties>
    </testcase>
  </testsuite>
  <testsuite name="test_ptp_001" tests="24" failures="0" skipped="0" errors="0" time="40" hostname="6XI226MACHINE">
    <properties>
      <property name="log_file" value="test_ptp_001.exe_20260331_104840.log"/>
      <property name="run_date" value="20260331"/>
      <property name="verifies" value="https://github.com/zarfld/IntelAvbFilter/issues/149"/>
      <property name="implements" value="https://github.com/zarfld/IntelAvbFilter/issues/238"/>
    </properties>
    <testcase name="TC-PTP-001-INIT Adapter enumerable" classname="test_ptp_001" time="0">
      <properties>
        <property name="verifies"   value="https://github.com/zarfld/IntelAvbFilter/issues/149"/>
        <property name="implements" value="https://github.com/zarfld/IntelAvbFilter/issues/238"/>
      </properties>
    </testcase>
    <testcase name="TC-PTP-001-INIT PHC readable" classname="test_ptp_001" time="0">
      <properties>
        <property name="verifies"   value="https://github.com/zarfld/IntelAvbFilter/issues/149"/>
        <property name="implements" value="https://github.com/zarfld/IntelAvbFilter/issues/238"/>
      </properties>
    </testcase>
    <testcase name="TC-PTP-001-MULTIADPT Adapter 0 PHC nonzero" classname="test_ptp_001" time="0">
      <properties>
        <property name="verifies"   value="https://github.com/zarfld/IntelAvbFilter/issues/149"/>
        <property name="implements" value="https://github.com/zarfld/IntelAvbFilter/issues/238"/>
      </properties>
    </testcase>
    <testcase name="TC-PTP-001-MULTIADPT Adapter 1 PHC nonzero" classname="test_ptp_001" time="0">
      <properties>
        <property name="verifies"   value="https://github.com/zarfld/IntelAvbFilter/issues/149"/>
        <property name="implements" value="https://github.com/zarfld/IntelAvbFilter/issues/238"/>
      </properties>
    </testcase>
    <testcase name="TC-PTP-001-MULTIADPT Adapter 0 PHC advances" classname="test_ptp_001" time="0">
      <properties>
        <property name="verifies"   value="https://github.com/zarfld/IntelAvbFilter/issues/149"/>
        <property name="implements" value="https://github.com/zarfld/IntelAvbFilter/issues/238"/>
      </properties>
    </testcase>
    <testcase name="TC-PTP-001-MULTIADPT Adapter 1 PHC advances independently" classname="test_ptp_001" time="0">
      <properties>
        <property name="verifies"   value="https://github.com/zarfld/IntelAvbFilter/issues/149"/>
        <property name="implements" value="https://github.com/zarfld/IntelAvbFilter/issues/238"/>
      </properties>
    </testcase>
    <testcase name="TC-PTP-001-CLOCK-CFG IOCTL succeeds" classname="test_ptp_001" time="0">
      <properties>
        <property name="verifies"   value="https://github.com/zarfld/IntelAvbFilter/issues/149"/>
        <property name="implements" value="https://github.com/zarfld/IntelAvbFilter/issues/238"/>
      </properties>
    </testcase>
    <testcase name="TC-PTP-001-CLOCK-CFG Valid clock rate" classname="test_ptp_001" time="0">
      <properties>
        <property name="verifies"   value="https://github.com/zarfld/IntelAvbFilter/issues/149"/>
        <property name="implements" value="https://github.com/zarfld/IntelAvbFilter/issues/238"/>
      </properties>
    </testcase>
    <testcase name="TC-PTP-001-XTSTAMP IOCTL succeeds" classname="test_ptp_001" time="0">
      <properties>
        <property name="verifies"   value="https://github.com/zarfld/IntelAvbFilter/issues/149"/>
        <property name="implements" value="https://github.com/zarfld/IntelAvbFilter/issues/238"/>
      </properties>
    </testcase>
    <testcase name="TC-PTP-001-XTSTAMP valid==1" classname="test_ptp_001" time="0">
      <properties>
        <property name="verifies"   value="https://github.com/zarfld/IntelAvbFilter/issues/149"/>
        <property name="implements" value="https://github.com/zarfld/IntelAvbFilter/issues/238"/>
      </properties>
    </testcase>
    <testcase name="TC-PTP-001-XTSTAMP PHC nonzero" classname="test_ptp_001" time="0">
      <properties>
        <property name="verifies"   value="https://github.com/zarfld/IntelAvbFilter/issues/149"/>
        <property name="implements" value="https://github.com/zarfld/IntelAvbFilter/issues/238"/>
      </properties>
    </testcase>
    <testcase name="TC-PTP-001-XTSTAMP QPC nonzero" classname="test_ptp_001" time="0">
      <properties>
        <property name="verifies"   value="https://github.com/zarfld/IntelAvbFilter/issues/149"/>
        <property name="implements" value="https://github.com/zarfld/IntelAvbFilter/issues/238"/>
      </properties>
    </testcase>
    <testcase name="TC-PTP-001-XTSTAMP QPC frequency nonzero" classname="test_ptp_001" time="0">
      <properties>
        <property name="verifies"   value="https://github.com/zarfld/IntelAvbFilter/issues/149"/>
        <property name="implements" value="https://github.com/zarfld/IntelAvbFilter/issues/238"/>
      </properties>
    </testcase>
    <testcase name="TC-PTP-001-RXTS Handler exists" classname="test_ptp_001" time="0">
      <properties>
        <property name="verifies"   value="https://github.com/zarfld/IntelAvbFilter/issues/149"/>
        <property name="implements" value="https://github.com/zarfld/IntelAvbFilter/issues/238"/>
      </properties>
    </testcase>
    <testcase name="TC-PTP-001-RXTS STATUS_SUCCESS" classname="test_ptp_001" time="0">
      <properties>
        <property name="verifies"   value="https://github.com/zarfld/IntelAvbFilter/issues/149"/>
        <property name="implements" value="https://github.com/zarfld/IntelAvbFilter/issues/238"/>
      </properties>
    </testcase>
    <testcase name="TC-PTP-001-RXTS valid==1" classname="test_ptp_001" time="0">
      <properties>
        <property name="verifies"   value="https://github.com/zarfld/IntelAvbFilter/issues/149"/>
        <property name="implements" value="https://github.com/zarfld/IntelAvbFilter/issues/238"/>
      </properties>
    </testcase>
    <testcase name="TC-PTP-001-BRACKET phc_before [= preSendTs" classname="test_ptp_001" time="0">
      <properties>
        <property name="verifies"   value="https://github.com/zarfld/IntelAvbFilter/issues/149"/>
        <property name="implements" value="https://github.com/zarfld/IntelAvbFilter/issues/238"/>
      </properties>
    </testcase>
    <testcase name="TC-PTP-001-BRACKET preSendTs [= phc_after" classname="test_ptp_001" time="0">
      <properties>
        <property name="verifies"   value="https://github.com/zarfld/IntelAvbFilter/issues/149"/>
        <property name="implements" value="https://github.com/zarfld/IntelAvbFilter/issues/238"/>
      </properties>
    </testcase>
    <testcase name="TC-PTP-001-CORR Rate stable ]=80% within +-5% of mean" classname="test_ptp_001" time="0">
      <properties>
        <property name="verifies"   value="https://github.com/zarfld/IntelAvbFilter/issues/149"/>
        <property name="implements" value="https://github.com/zarfld/IntelAvbFilter/issues/238"/>
      </properties>
    </testcase>
    <testcase name="TC-PTP-001-FOLLOWUP Second send succeeds" classname="test_ptp_001" time="0">
      <properties>
        <property name="verifies"   value="https://github.com/zarfld/IntelAvbFilter/issues/149"/>
        <property name="implements" value="https://github.com/zarfld/IntelAvbFilter/issues/238"/>
      </properties>
    </testcase>
    <testcase name="TC-PTP-001-FOLLOWUP PHC monotonically advances" classname="test_ptp_001" time="0">
      <properties>
        <property name="verifies"   value="https://github.com/zarfld/IntelAvbFilter/issues/149"/>
        <property name="implements" value="https://github.com/zarfld/IntelAvbFilter/issues/238"/>
      </properties>
    </testcase>
    <testcase name="TC-PTP-001-FOLLOWUP preSendTs2 ] preSendTs1" classname="test_ptp_001" time="0">
      <properties>
        <property name="verifies"   value="https://github.com/zarfld/IntelAvbFilter/issues/149"/>
        <property name="implements" value="https://github.com/zarfld/IntelAvbFilter/issues/238"/>
      </properties>
    </testcase>
    <testcase name="TC-PTP-001-SUSTAINED [20% failure rate over 100 samples" classname="test_ptp_001" time="0">
      <properties>
        <property name="verifies"   value="https://github.com/zarfld/IntelAvbFilter/issues/149"/>
        <property name="implements" value="https://github.com/zarfld/IntelAvbFilter/issues/238"/>
      </properties>
    </testcase>
    <testcase name="TC-PTP-001-ZEROLOSS Zero timestamp pair loss" classname="test_ptp_001" time="0">
      <properties>
        <property name="verifies"   value="https://github.com/zarfld/IntelAvbFilter/issues/149"/>
        <property name="implements" value="https://github.com/zarfld/IntelAvbFilter/issues/238"/>
      </properties>
    </testcase>
  </testsuite>
</testsuites>

