<?xml version="1.0" encoding="UTF-8"?>
<!-- Generated: 2026-04-08T07:46:14 -->
<!-- Machine: 6XI226MACHINE (Microsoft Windows NT 10.0.26200.0) | Run date: 20260406 | OS: 10.0.26200 -->
<!-- NOTE: Tests require Intel NIC hardware and installed driver -->
<testsuites name="IntelAvbFilter Hardware Tests 20260406" tests="620" failures="0" skipped="107" time="0">
  <testsuite name="avb_capability_validation_test" tests="1" failures="0" skipped="1" errors="0" time="0" hostname="6XI226MACHINE (Microsoft Windows NT 10.0.26200.0)">
    <properties>
      <property name="log_file" value="avb_capability_validation_test.exe_20260406_111155.log"/>
      <property name="run_date" value="20260406"/>
    </properties>
    <testcase name="avb_capability_validation_test (overall)" classname="avb_capability_validation_test" time="0"><skipped/></testcase>
  </testsuite>
  <testsuite name="avb_comprehensive_test" tests="1" failures="0" skipped="1" errors="0" time="0" hostname="6XI226MACHINE (Microsoft Windows NT 10.0.26200.0)">
    <properties>
      <property name="log_file" value="avb_comprehensive_test.exe_20260406_111846.log"/>
      <property name="run_date" value="20260406"/>
    </properties>
    <testcase name="avb_comprehensive_test (overall)" classname="avb_comprehensive_test" time="0"><skipped/></testcase>
  </testsuite>
  <testsuite name="avb_device_separation_test" tests="1" failures="0" skipped="1" errors="0" time="0" hostname="6XI226MACHINE (Microsoft Windows NT 10.0.26200.0)">
    <properties>
      <property name="log_file" value="avb_device_separation_test.exe_20260406_111155.log"/>
      <property name="run_date" value="20260406"/>
    </properties>
    <testcase name="avb_device_separation_test (overall)" classname="avb_device_separation_test" time="0"><skipped/></testcase>
  </testsuite>
  <testsuite name="avb_diagnostic_test" tests="1" failures="0" skipped="1" errors="0" time="0" hostname="6XI226MACHINE (Microsoft Windows NT 10.0.26200.0)">
    <properties>
      <property name="log_file" value="avb_diagnostic_test.exe_20260406_111155.log"/>
      <property name="run_date" value="20260406"/>
    </properties>
    <testcase name="avb_diagnostic_test (overall)" classname="avb_diagnostic_test" time="0"><skipped/></testcase>
  </testsuite>
  <testsuite name="avb_diagnostic_test_um" tests="1" failures="0" skipped="1" errors="0" time="0" hostname="6XI226MACHINE (Microsoft Windows NT 10.0.26200.0)">
    <properties>
      <property name="log_file" value="avb_diagnostic_test_um.exe_20260406_111846.log"/>
      <property name="run_date" value="20260406"/>
    </properties>
    <testcase name="avb_diagnostic_test_um (overall)" classname="avb_diagnostic_test_um" time="0"><skipped/></testcase>
  </testsuite>
  <testsuite name="avb_hw_state_test" tests="1" failures="0" skipped="1" errors="0" time="0" hostname="6XI226MACHINE (Microsoft Windows NT 10.0.26200.0)">
    <properties>
      <property name="log_file" value="avb_hw_state_test.exe_20260406_111156.log"/>
      <property name="run_date" value="20260406"/>
    </properties>
    <testcase name="avb_hw_state_test (overall)" classname="avb_hw_state_test" time="0"><skipped/></testcase>
  </testsuite>
  <testsuite name="avb_hw_state_test_um" tests="1" failures="0" skipped="1" errors="0" time="0" hostname="6XI226MACHINE (Microsoft Windows NT 10.0.26200.0)">
    <properties>
      <property name="log_file" value="avb_hw_state_test_um.exe_20260406_111846.log"/>
      <property name="run_date" value="20260406"/>
    </properties>
    <testcase name="avb_hw_state_test_um (overall)" classname="avb_hw_state_test_um" time="0"><skipped/></testcase>
  </testsuite>
  <testsuite name="avb_i226_advanced_test" tests="1" failures="0" skipped="1" errors="0" time="0" hostname="6XI226MACHINE (Microsoft Windows NT 10.0.26200.0)">
    <properties>
      <property name="log_file" value="avb_i226_advanced_test.exe_20260406_111840.log"/>
      <property name="run_date" value="20260406"/>
    </properties>
    <testcase name="avb_i226_advanced_test (overall)" classname="avb_i226_advanced_test" time="0"><skipped/></testcase>
  </testsuite>
  <testsuite name="avb_i226_test" tests="1" failures="0" skipped="1" errors="0" time="0" hostname="6XI226MACHINE (Microsoft Windows NT 10.0.26200.0)">
    <properties>
      <property name="log_file" value="avb_i226_test.exe_20260406_111840.log"/>
      <property name="run_date" value="20260406"/>
    </properties>
    <testcase name="avb_i226_test (overall)" classname="avb_i226_test" time="0"><skipped/></testcase>
  </testsuite>
  <testsuite name="avb_multi_adapter_test" tests="1" failures="0" skipped="1" errors="0" time="0" hostname="6XI226MACHINE (Microsoft Windows NT 10.0.26200.0)">
    <properties>
      <property name="log_file" value="avb_multi_adapter_test.exe_20260406_111839.log"/>
      <property name="run_date" value="20260406"/>
    </properties>
    <testcase name="avb_multi_adapter_test (overall)" classname="avb_multi_adapter_test" time="0"><skipped/></testcase>
  </testsuite>
  <testsuite name="avb_test_i210" tests="1" failures="0" skipped="1" errors="0" time="0" hostname="6XI226MACHINE (Microsoft Windows NT 10.0.26200.0)">
    <properties>
      <property name="log_file" value="avb_test_i210.exe_20260406_111841.log"/>
      <property name="run_date" value="20260406"/>
    </properties>
    <testcase name="avb_test_i210 (overall)" classname="avb_test_i210" time="0"><skipped/></testcase>
  </testsuite>
  <testsuite name="avb_test_i210_um" tests="1" failures="0" skipped="1" errors="0" time="0" hostname="6XI226MACHINE (Microsoft Windows NT 10.0.26200.0)">
    <properties>
      <property name="log_file" value="avb_test_i210_um.exe_20260406_111847.log"/>
      <property name="run_date" value="20260406"/>
    </properties>
    <testcase name="avb_test_i210_um (overall)" classname="avb_test_i210_um" time="0"><skipped/></testcase>
  </testsuite>
  <testsuite name="avb_test_i219" tests="1" failures="0" skipped="1" errors="0" time="0" hostname="6XI226MACHINE (Microsoft Windows NT 10.0.26200.0)">
    <properties>
      <property name="log_file" value="avb_test_i219.exe_20260406_111848.log"/>
      <property name="run_date" value="20260406"/>
    </properties>
    <testcase name="avb_test_i219 (overall)" classname="avb_test_i219" time="0"><skipped/></testcase>
  </testsuite>
  <testsuite name="avb_test_i226" tests="1" failures="0" skipped="1" errors="0" time="0" hostname="6XI226MACHINE (Microsoft Windows NT 10.0.26200.0)">
    <properties>
      <property name="log_file" value="avb_test_i226.exe_20260406_111848.log"/>
      <property name="run_date" value="20260406"/>
    </properties>
    <testcase name="avb_test_i226 (overall)" classname="avb_test_i226" time="0"><skipped/></testcase>
  </testsuite>
  <testsuite name="chatgpt5_i226_tas_validation" tests="1" failures="0" skipped="1" errors="0" time="0" hostname="6XI226MACHINE (Microsoft Windows NT 10.0.26200.0)">
    <properties>
      <property name="log_file" value="chatgpt5_i226_tas_validation.exe_20260406_111841.log"/>
      <property name="run_date" value="20260406"/>
    </properties>
    <testcase name="chatgpt5_i226_tas_validation (overall)" classname="chatgpt5_i226_tas_validation" time="0"><skipped/></testcase>
  </testsuite>
  <testsuite name="comprehensive_ioctl_test" tests="1" failures="0" skipped="1" errors="0" time="0" hostname="6XI226MACHINE (Microsoft Windows NT 10.0.26200.0)">
    <properties>
      <property name="log_file" value="comprehensive_ioctl_test.exe_20260406_111848.log"/>
      <property name="run_date" value="20260406"/>
    </properties>
    <testcase name="comprehensive_ioctl_test (overall)" classname="comprehensive_ioctl_test" time="0"><skipped/></testcase>
  </testsuite>
  <testsuite name="corrected_i226_tas_test" tests="1" failures="0" skipped="1" errors="0" time="0" hostname="6XI226MACHINE (Microsoft Windows NT 10.0.26200.0)">
    <properties>
      <property name="log_file" value="corrected_i226_tas_test.exe_20260406_111842.log"/>
      <property name="run_date" value="20260406"/>
    </properties>
    <testcase name="corrected_i226_tas_test (overall)" classname="corrected_i226_tas_test" time="0"><skipped/></testcase>
  </testsuite>
  <testsuite name="critical_prerequisites_investigation" tests="1" failures="0" skipped="1" errors="0" time="1" hostname="6XI226MACHINE (Microsoft Windows NT 10.0.26200.0)">
    <properties>
      <property name="log_file" value="critical_prerequisites_investigation.exe_20260406_111842.log"/>
      <property name="run_date" value="20260406"/>
    </properties>
    <testcase name="critical_prerequisites_investigation (overall)" classname="critical_prerequisites_investigation" time="0"><skipped/></testcase>
  </testsuite>
  <testsuite name="device_open_test" tests="1" failures="0" skipped="1" errors="0" time="0" hostname="6XI226MACHINE (Microsoft Windows NT 10.0.26200.0)">
    <properties>
      <property name="log_file" value="device_open_test.exe_20260406_111848.log"/>
      <property name="run_date" value="20260406"/>
    </properties>
    <testcase name="device_open_test (overall)" classname="device_open_test" time="0"><skipped/></testcase>
  </testsuite>
  <testsuite name="diagnose_ptp" tests="1" failures="0" skipped="1" errors="0" time="0" hostname="6XI226MACHINE (Microsoft Windows NT 10.0.26200.0)">
    <properties>
      <property name="log_file" value="diagnose_ptp.exe_20260406_111849.log"/>
      <property name="run_date" value="20260406"/>
    </properties>
    <testcase name="diagnose_ptp (overall)" classname="diagnose_ptp" time="0"><skipped/></testcase>
  </testsuite>
  <testsuite name="enhanced_tas_investigation" tests="1" failures="0" skipped="1" errors="0" time="0" hostname="6XI226MACHINE (Microsoft Windows NT 10.0.26200.0)">
    <properties>
      <property name="log_file" value="enhanced_tas_investigation.exe_20260406_111844.log"/>
      <property name="run_date" value="20260406"/>
    </properties>
    <testcase name="enhanced_tas_investigation (overall)" classname="enhanced_tas_investigation" time="0"><skipped/></testcase>
  </testsuite>
  <testsuite name="hardware_investigation_tool" tests="1" failures="0" skipped="1" errors="0" time="0" hostname="6XI226MACHINE (Microsoft Windows NT 10.0.26200.0)">
    <properties>
      <property name="log_file" value="hardware_investigation_tool.exe_20260406_111845.log"/>
      <property name="run_date" value="20260406"/>
    </properties>
    <testcase name="hardware_investigation_tool (overall)" classname="hardware_investigation_tool" time="0"><skipped/></testcase>
  </testsuite>
  <testsuite name="hw_timestamping_control_test" tests="1" failures="0" skipped="1" errors="0" time="0" hostname="6XI226MACHINE (Microsoft Windows NT 10.0.26200.0)">
    <properties>
      <property name="log_file" value="hw_timestamping_control_test.exe_20260406_111849.log"/>
      <property name="run_date" value="20260406"/>
    </properties>
    <testcase name="hw_timestamping_control_test (overall)" classname="hw_timestamping_control_test" time="0"><skipped/></testcase>
  </testsuite>
  <testsuite name="intel_avb_diagnostics" tests="1" failures="0" skipped="1" errors="0" time="22610" hostname="6XI226MACHINE (Microsoft Windows NT 10.0.26200.0)">
    <properties>
      <property name="log_file" value="intel_avb_diagnostics.exe_20260406_111850.log"/>
      <property name="run_date" value="20260406"/>
    </properties>
    <testcase name="intel_avb_diagnostics (overall)" classname="intel_avb_diagnostics" time="0"><skipped/></testcase>
  </testsuite>
  <testsuite name="ptp_clock_control_production_test" tests="1" failures="0" skipped="1" errors="0" time="0" hostname="6XI226MACHINE (Microsoft Windows NT 10.0.26200.0)">
    <properties>
      <property name="log_file" value="ptp_clock_control_production_test.exe_20260406_111154.log"/>
      <property name="run_date" value="20260406"/>
    </properties>
    <testcase name="ptp_clock_control_production_test (overall)" classname="ptp_clock_control_production_test" time="0"><skipped/></testcase>
  </testsuite>
  <testsuite name="ptp_clock_control_test" tests="12" failures="0" skipped="0" errors="0" time="3" hostname="6XI226MACHINE (Microsoft Windows NT 10.0.26200.0)">
    <properties>
      <property name="log_file" value="ptp_clock_control_test.exe_20260406_111149.log"/>
      <property name="run_date" value="20260406"/>
      <property name="verifies" value="https://github.com/zarfld/IntelAvbFilter/issues/238"/>
    </properties>
    <testcase name="TC-5a/adapter 0: bracket 41389 ns [ 500 ┬Ás" classname="ptp_clock_control_test" time="0">
      <properties>
        <property name="verifies"   value="https://github.com/zarfld/IntelAvbFilter/issues/238"/>
      </properties>
    </testcase>
    <testcase name="TC-5b/adapter 0: PHC monotone, rate 1.029334 in [0.95, 1.10]" classname="ptp_clock_control_test" time="0">
      <properties>
        <property name="verifies"   value="https://github.com/zarfld/IntelAvbFilter/issues/238"/>
      </properties>
    </testcase>
    <testcase name="TC-5a/adapter 1: bracket 57272 ns [ 500 ┬Ás" classname="ptp_clock_control_test" time="0">
      <properties>
        <property name="verifies"   value="https://github.com/zarfld/IntelAvbFilter/issues/238"/>
      </properties>
    </testcase>
    <testcase name="TC-5b/adapter 1: PHC monotone, rate 1.029307 in [0.95, 1.10]" classname="ptp_clock_control_test" time="0">
      <properties>
        <property name="verifies"   value="https://github.com/zarfld/IntelAvbFilter/issues/238"/>
      </properties>
    </testcase>
    <testcase name="TC-5a/adapter 2: bracket 60921 ns [ 500 ┬Ás" classname="ptp_clock_control_test" time="0">
      <properties>
        <property name="verifies"   value="https://github.com/zarfld/IntelAvbFilter/issues/238"/>
      </properties>
    </testcase>
    <testcase name="TC-5b/adapter 2: PHC monotone, rate 1.029333 in [0.95, 1.10]" classname="ptp_clock_control_test" time="0">
      <properties>
        <property name="verifies"   value="https://github.com/zarfld/IntelAvbFilter/issues/238"/>
      </properties>
    </testcase>
    <testcase name="TC-5a/adapter 3: bracket 60203 ns [ 500 ┬Ás" classname="ptp_clock_control_test" time="0">
      <properties>
        <property name="verifies"   value="https://github.com/zarfld/IntelAvbFilter/issues/238"/>
      </properties>
    </testcase>
    <testcase name="TC-5b/adapter 3: PHC monotone, rate 1.029336 in [0.95, 1.10]" classname="ptp_clock_control_test" time="0">
      <properties>
        <property name="verifies"   value="https://github.com/zarfld/IntelAvbFilter/issues/238"/>
      </properties>
    </testcase>
    <testcase name="TC-5a/adapter 4: bracket 71099 ns [ 500 ┬Ás" classname="ptp_clock_control_test" time="0">
      <properties>
        <property name="verifies"   value="https://github.com/zarfld/IntelAvbFilter/issues/238"/>
      </properties>
    </testcase>
    <testcase name="TC-5b/adapter 4: PHC monotone, rate 1.029327 in [0.95, 1.10]" classname="ptp_clock_control_test" time="0">
      <properties>
        <property name="verifies"   value="https://github.com/zarfld/IntelAvbFilter/issues/238"/>
      </properties>
    </testcase>
    <testcase name="TC-5a/adapter 5: bracket 87502 ns [ 500 ┬Ás" classname="ptp_clock_control_test" time="0">
      <properties>
        <property name="verifies"   value="https://github.com/zarfld/IntelAvbFilter/issues/238"/>
      </properties>
    </testcase>
    <testcase name="TC-5b/adapter 5: PHC monotone, rate 1.029333 in [0.95, 1.10]" classname="ptp_clock_control_test" time="0">
      <properties>
        <property name="verifies"   value="https://github.com/zarfld/IntelAvbFilter/issues/238"/>
      </properties>
    </testcase>
  </testsuite>
  <testsuite name="quick_diagnostics" tests="1" failures="0" skipped="1" errors="0" time="0" hostname="6XI226MACHINE (Microsoft Windows NT 10.0.26200.0)">
    <properties>
      <property name="log_file" value="quick_diagnostics.exe_20260406_173540.log"/>
      <property name="run_date" value="20260406"/>
    </properties>
    <testcase name="quick_diagnostics (overall)" classname="quick_diagnostics" time="0"><skipped/></testcase>
  </testsuite>
  <testsuite name="rx_timestamping_test" tests="1" failures="0" skipped="1" errors="0" time="0" hostname="6XI226MACHINE (Microsoft Windows NT 10.0.26200.0)">
    <properties>
      <property name="log_file" value="rx_timestamping_test.exe_20260406_173541.log"/>
      <property name="run_date" value="20260406"/>
    </properties>
    <testcase name="rx_timestamping_test (overall)" classname="rx_timestamping_test" time="0"><skipped/></testcase>
  </testsuite>
  <testsuite name="ssot_register_validation_test" tests="1" failures="0" skipped="0" errors="0" time="0" hostname="6XI226MACHINE (Microsoft Windows NT 10.0.26200.0)">
    <properties>
      <property name="log_file" value="ssot_register_validation_test.exe_20260406_173541.log"/>
      <property name="run_date" value="20260406"/>
    </properties>
    <testcase name="ssot_register_validation_test (overall)" classname="ssot_register_validation_test" time="0"/>
  </testsuite>
  <testsuite name="test_all_adapters" tests="1" failures="0" skipped="1" errors="0" time="0" hostname="6XI226MACHINE (Microsoft Windows NT 10.0.26200.0)">
    <properties>
      <property name="log_file" value="test_all_adapters.exe_20260406_173541.log"/>
      <property name="run_date" value="20260406"/>
    </properties>
    <testcase name="test_all_adapters (overall)" classname="test_all_adapters" time="0"><skipped/></testcase>
  </testsuite>
  <testsuite name="test_atdecc_aen_protocol" tests="6" failures="0" skipped="1" errors="0" time="9695" hostname="6XI226MACHINE (Microsoft Windows NT 10.0.26200.0)">
    <properties>
      <property name="log_file" value="test_atdecc_aen_protocol.exe_20260406_173542.log"/>
      <property name="run_date" value="20260406"/>
      <property name="verifies" value="https://github.com/zarfld/IntelAvbFilter/issues/13"/>
      <property name="implements" value="https://github.com/zarfld/IntelAvbFilter/issues/176"/>
    </properties>
    <testcase name="TC-AEN-001: IDENTIFY_NOTIFICATION format" classname="test_atdecc_aen_protocol" time="0">
      <properties>
        <property name="verifies"   value="https://github.com/zarfld/IntelAvbFilter/issues/13"/>
        <property name="implements" value="https://github.com/zarfld/IntelAvbFilter/issues/176"/>
      </properties>
      <skipped/>
    </testcase>
    <testcase name="TC-AEN-002: Live ENTITY_AVAILABLE Announce" classname="test_atdecc_aen_protocol" time="0">
      <properties>
        <property name="verifies"   value="https://github.com/zarfld/IntelAvbFilter/issues/13"/>
        <property name="implements" value="https://github.com/zarfld/IntelAvbFilter/issues/176"/>
      </properties>
    </testcase>
    <testcase name="TC-AEN-003: Stream format change AEN" classname="test_atdecc_aen_protocol" time="0">
      <properties>
        <property name="verifies"   value="https://github.com/zarfld/IntelAvbFilter/issues/13"/>
        <property name="implements" value="https://github.com/zarfld/IntelAvbFilter/issues/176"/>
      </properties>
    </testcase>
    <testcase name="TC-AEN-004: Multi-controller broadcast" classname="test_atdecc_aen_protocol" time="0">
      <properties>
        <property name="verifies"   value="https://github.com/zarfld/IntelAvbFilter/issues/13"/>
        <property name="implements" value="https://github.com/zarfld/IntelAvbFilter/issues/176"/>
      </properties>
    </testcase>
    <testcase name="TC-AEN-005: Event sequence monotonicity" classname="test_atdecc_aen_protocol" time="0">
      <properties>
        <property name="verifies"   value="https://github.com/zarfld/IntelAvbFilter/issues/13"/>
        <property name="implements" value="https://github.com/zarfld/IntelAvbFilter/issues/176"/>
      </properties>
    </testcase>
    <testcase name="TC-AEN-006: Subscription auto-expiry after 31 s" classname="test_atdecc_aen_protocol" time="0">
      <properties>
        <property name="verifies"   value="https://github.com/zarfld/IntelAvbFilter/issues/13"/>
        <property name="implements" value="https://github.com/zarfld/IntelAvbFilter/issues/176"/>
      </properties>
    </testcase>
  </testsuite>
  <testsuite name="test_atdecc_event" tests="5" failures="0" skipped="0" errors="0" time="0" hostname="6XI226MACHINE (Microsoft Windows NT 10.0.26200.0)">
    <properties>
      <property name="log_file" value="test_atdecc_event.exe_20260406_202359.log"/>
      <property name="run_date" value="20260406"/>
      <property name="verifies" value="https://github.com/zarfld/IntelAvbFilter/issues/162"/>
      <property name="implements" value="https://github.com/zarfld/IntelAvbFilter/issues/236"/>
    </properties>
    <testcase name="TC-ATDECC-001: Device node accessible" classname="test_atdecc_event" time="0">
      <properties>
        <property name="verifies"   value="https://github.com/zarfld/IntelAvbFilter/issues/162"/>
        <property name="implements" value="https://github.com/zarfld/IntelAvbFilter/issues/236"/>
      </properties>
    </testcase>
    <testcase name="TC-ATDECC-002: ATDECC_EVENT_SUBSCRIBE -] handle" classname="test_atdecc_event" time="0">
      <properties>
        <property name="verifies"   value="https://github.com/zarfld/IntelAvbFilter/issues/162"/>
        <property name="implements" value="https://github.com/zarfld/IntelAvbFilter/issues/236"/>
      </properties>
    </testcase>
    <testcase name="TC-ATDECC-003: ATDECC_EVENT_POLL" classname="test_atdecc_event" time="0">
      <properties>
        <property name="verifies"   value="https://github.com/zarfld/IntelAvbFilter/issues/162"/>
        <property name="implements" value="https://github.com/zarfld/IntelAvbFilter/issues/236"/>
      </properties>
    </testcase>
    <testcase name="TC-ATDECC-004: ATDECC_EVENT_UNSUBSCRIBE" classname="test_atdecc_event" time="0">
      <properties>
        <property name="verifies"   value="https://github.com/zarfld/IntelAvbFilter/issues/162"/>
        <property name="implements" value="https://github.com/zarfld/IntelAvbFilter/issues/236"/>
      </properties>
    </testcase>
    <testcase name="TC-ATDECC-005: Double-subscribe yields unique handles" classname="test_atdecc_event" time="0">
      <properties>
        <property name="verifies"   value="https://github.com/zarfld/IntelAvbFilter/issues/162"/>
        <property name="implements" value="https://github.com/zarfld/IntelAvbFilter/issues/236"/>
      </properties>
    </testcase>
  </testsuite>
  <testsuite name="test_avtp_tu_bit_events" tests="1" failures="0" skipped="1" errors="0" time="0" hostname="6XI226MACHINE (Microsoft Windows NT 10.0.26200.0)">
    <properties>
      <property name="log_file" value="test_avtp_tu_bit_events.exe_20260406_202359.log"/>
      <property name="run_date" value="20260406"/>
      <property name="verifies" value="https://github.com/zarfld/IntelAvbFilter/issues/169"/>
      <property name="implements" value="https://github.com/zarfld/IntelAvbFilter/issues/175"/>
      <property name="implements" value="https://github.com/zarfld/IntelAvbFilter/issues/169"/>
      <property name="implements" value="https://github.com/zarfld/IntelAvbFilter/issues/234"/>
    </properties>
    <testcase name="test_avtp_tu_bit_events (overall)" classname="test_avtp_tu_bit_events" time="0">
      <properties>
        <property name="verifies"   value="https://github.com/zarfld/IntelAvbFilter/issues/169"/>
        <property name="implements" value="https://github.com/zarfld/IntelAvbFilter/issues/175"/>
        <property name="implements" value="https://github.com/zarfld/IntelAvbFilter/issues/169"/>
        <property name="implements" value="https://github.com/zarfld/IntelAvbFilter/issues/234"/>
      </properties>
      <skipped/>
    </testcase>
  </testsuite>
  <testsuite name="test_build_sign" tests="7" failures="0" skipped="0" errors="0" time="0" hostname="6XI226MACHINE (Microsoft Windows NT 10.0.26200.0)">
    <properties>
      <property name="log_file" value="test_build_sign.exe_20260406_202400.log"/>
      <property name="run_date" value="20260406"/>
      <property name="implements" value="https://github.com/zarfld/IntelAvbFilter/issues/243"/>
    </properties>
    <testcase name="TC-SIGN-001: IntelAvbFilter.sys Authenticode signature" classname="test_build_sign" time="0">
      <properties>
        <property name="implements" value="https://github.com/zarfld/IntelAvbFilter/issues/243"/>
      </properties>
    </testcase>
    <testcase name="TC-SIGN-002: intelavbfilter.cat Authenticode signature" classname="test_build_sign" time="0">
      <properties>
        <property name="implements" value="https://github.com/zarfld/IntelAvbFilter/issues/243"/>
      </properties>
    </testcase>
    <testcase name="TC-SIGN-003: WDKTestCert in LocalMachine\TrustedPublisher" classname="test_build_sign" time="0">
      <properties>
        <property name="implements" value="https://github.com/zarfld/IntelAvbFilter/issues/243"/>
      </properties>
    </testcase>
    <testcase name="TC-SIGN-004: INF Signature = '$Windows NT$'" classname="test_build_sign" time="0">
      <properties>
        <property name="implements" value="https://github.com/zarfld/IntelAvbFilter/issues/243"/>
      </properties>
    </testcase>
    <testcase name="TC-SIGN-005: INF CatalogFile field present" classname="test_build_sign" time="0">
      <properties>
        <property name="implements" value="https://github.com/zarfld/IntelAvbFilter/issues/243"/>
      </properties>
    </testcase>
    <testcase name="TC-SIGN-006: INF DriverVer field present" classname="test_build_sign" time="0">
      <properties>
        <property name="implements" value="https://github.com/zarfld/IntelAvbFilter/issues/243"/>
      </properties>
    </testcase>
    <testcase name="TC-SIGN-007: Service RUNNING" classname="test_build_sign" time="0">
      <properties>
        <property name="implements" value="https://github.com/zarfld/IntelAvbFilter/issues/243"/>
      </properties>
    </testcase>
  </testsuite>
  <testsuite name="test_cleanup_archive" tests="23" failures="0" skipped="0" errors="0" time="0" hostname="6XI226MACHINE (Microsoft Windows NT 10.0.26200.0)">
    <properties>
      <property name="log_file" value="test_cleanup_archive.exe_20260406_202400.log"/>
      <property name="run_date" value="20260406"/>
      <property name="verifies" value="https://github.com/zarfld/IntelAvbFilter/issues/293"/>
      <property name="verifies" value="https://github.com/zarfld/IntelAvbFilter/issues/294"/>
    </properties>
    <testcase name="TC-CLEANUP-001: archive\filter_old\README.md exists" classname="test_cleanup_archive" time="0">
      <properties>
        <property name="verifies"   value="https://github.com/zarfld/IntelAvbFilter/issues/293"/>
        <property name="verifies"   value="https://github.com/zarfld/IntelAvbFilter/issues/294"/>
      </properties>
    </testcase>
    <testcase name="TC-CLEANUP-001: archive\backup\README.md exists" classname="test_cleanup_archive" time="0">
      <properties>
        <property name="verifies"   value="https://github.com/zarfld/IntelAvbFilter/issues/293"/>
        <property name="verifies"   value="https://github.com/zarfld/IntelAvbFilter/issues/294"/>
      </properties>
    </testcase>
    <testcase name="TC-CLEANUP-001: archive\avb_integration_old\README.md exists" classname="test_cleanup_archive" time="0">
      <properties>
        <property name="verifies"   value="https://github.com/zarfld/IntelAvbFilter/issues/293"/>
        <property name="verifies"   value="https://github.com/zarfld/IntelAvbFilter/issues/294"/>
      </properties>
    </testcase>
    <testcase name="TC-CLEANUP-001: tools\archive\deprecated\README.md exists" classname="test_cleanup_archive" time="0">
      <properties>
        <property name="verifies"   value="https://github.com/zarfld/IntelAvbFilter/issues/293"/>
        <property name="verifies"   value="https://github.com/zarfld/IntelAvbFilter/issues/294"/>
      </properties>
    </testcase>
    <testcase name="TC-CLEANUP-002: present: archive\filter_old\filter_august.c" classname="test_cleanup_archive" time="0">
      <properties>
        <property name="verifies"   value="https://github.com/zarfld/IntelAvbFilter/issues/293"/>
        <property name="verifies"   value="https://github.com/zarfld/IntelAvbFilter/issues/294"/>
      </properties>
    </testcase>
    <testcase name="TC-CLEANUP-002: present: archive\filter_old\filter_august.txt" classname="test_cleanup_archive" time="0">
      <properties>
        <property name="verifies"   value="https://github.com/zarfld/IntelAvbFilter/issues/293"/>
        <property name="verifies"   value="https://github.com/zarfld/IntelAvbFilter/issues/294"/>
      </properties>
    </testcase>
    <testcase name="TC-CLEANUP-002: present: archive\backup\temp_filter_7624c57.c" classname="test_cleanup_archive" time="0">
      <properties>
        <property name="verifies"   value="https://github.com/zarfld/IntelAvbFilter/issues/293"/>
        <property name="verifies"   value="https://github.com/zarfld/IntelAvbFilter/issues/294"/>
      </properties>
    </testcase>
    <testcase name="TC-CLEANUP-002: present: archive\backup\intel_tsn_enhanced_implementations.c" classname="test_cleanup_archive" time="0">
      <properties>
        <property name="verifies"   value="https://github.com/zarfld/IntelAvbFilter/issues/293"/>
        <property name="verifies"   value="https://github.com/zarfld/IntelAvbFilter/issues/294"/>
      </properties>
    </testcase>
    <testcase name="TC-CLEANUP-002: present: archive\backup\tsn_hardware_activation_investigation.c" classname="test_cleanup_archive" time="0">
      <properties>
        <property name="verifies"   value="https://github.com/zarfld/IntelAvbFilter/issues/293"/>
        <property name="verifies"   value="https://github.com/zarfld/IntelAvbFilter/issues/294"/>
      </properties>
    </testcase>
    <testcase name="TC-CLEANUP-002: present: archive\avb_integration_old\avb_integration.c" classname="test_cleanup_archive" time="0">
      <properties>
        <property name="verifies"   value="https://github.com/zarfld/IntelAvbFilter/issues/293"/>
        <property name="verifies"   value="https://github.com/zarfld/IntelAvbFilter/issues/294"/>
      </properties>
    </testcase>
    <testcase name="TC-CLEANUP-002: present: archive\avb_integration_old\avb_context_management.c" classname="test_cleanup_archive" time="0">
      <properties>
        <property name="verifies"   value="https://github.com/zarfld/IntelAvbFilter/issues/293"/>
        <property name="verifies"   value="https://github.com/zarfld/IntelAvbFilter/issues/294"/>
      </properties>
    </testcase>
    <testcase name="TC-CLEANUP-002: present: archive\avb_integration_old\avb_integration_fixed_backup.c" classname="test_cleanup_archive" time="0">
      <properties>
        <property name="verifies"   value="https://github.com/zarfld/IntelAvbFilter/issues/293"/>
        <property name="verifies"   value="https://github.com/zarfld/IntelAvbFilter/issues/294"/>
      </properties>
    </testcase>
    <testcase name="TC-CLEANUP-002: present: archive\avb_integration_old\avb_integration_fixed_complete.c" classname="test_cleanup_archive" time="0">
      <properties>
        <property name="verifies"   value="https://github.com/zarfld/IntelAvbFilter/issues/293"/>
        <property name="verifies"   value="https://github.com/zarfld/IntelAvbFilter/issues/294"/>
      </properties>
    </testcase>
    <testcase name="TC-CLEANUP-002: present: archive\avb_integration_old\avb_integration_fixed_new.c" classname="test_cleanup_archive" time="0">
      <properties>
        <property name="verifies"   value="https://github.com/zarfld/IntelAvbFilter/issues/293"/>
        <property name="verifies"   value="https://github.com/zarfld/IntelAvbFilter/issues/294"/>
      </properties>
    </testcase>
    <testcase name="TC-CLEANUP-002: present: archive\avb_integration_old\avb_integration_hardware_only.c" classname="test_cleanup_archive" time="0">
      <properties>
        <property name="verifies"   value="https://github.com/zarfld/IntelAvbFilter/issues/293"/>
        <property name="verifies"   value="https://github.com/zarfld/IntelAvbFilter/issues/294"/>
      </properties>
    </testcase>
    <testcase name="TC-CLEANUP-003: No archived filenames found in active source paths" classname="test_cleanup_archive" time="0">
      <properties>
        <property name="verifies"   value="https://github.com/zarfld/IntelAvbFilter/issues/293"/>
        <property name="verifies"   value="https://github.com/zarfld/IntelAvbFilter/issues/294"/>
      </properties>
    </testcase>
    <testcase name="TC-CLEANUP-004: No dirty-named files found in active source tree" classname="test_cleanup_archive" time="0">
      <properties>
        <property name="verifies"   value="https://github.com/zarfld/IntelAvbFilter/issues/293"/>
        <property name="verifies"   value="https://github.com/zarfld/IntelAvbFilter/issues/294"/>
      </properties>
    </testcase>
    <testcase name="TC-CLEANUP-005: deprecated\development exists" classname="test_cleanup_archive" time="0">
      <properties>
        <property name="verifies"   value="https://github.com/zarfld/IntelAvbFilter/issues/293"/>
        <property name="verifies"   value="https://github.com/zarfld/IntelAvbFilter/issues/294"/>
      </properties>
    </testcase>
    <testcase name="TC-CLEANUP-005: deprecated\setup exists" classname="test_cleanup_archive" time="0">
      <properties>
        <property name="verifies"   value="https://github.com/zarfld/IntelAvbFilter/issues/293"/>
        <property name="verifies"   value="https://github.com/zarfld/IntelAvbFilter/issues/294"/>
      </properties>
    </testcase>
    <testcase name="TC-CLEANUP-005: deprecated\test exists" classname="test_cleanup_archive" time="0">
      <properties>
        <property name="verifies"   value="https://github.com/zarfld/IntelAvbFilter/issues/293"/>
        <property name="verifies"   value="https://github.com/zarfld/IntelAvbFilter/issues/294"/>
      </properties>
    </testcase>
    <testcase name="TC-CLEANUP-005: deprecated\ root has 31 files" classname="test_cleanup_archive" time="0">
      <properties>
        <property name="verifies"   value="https://github.com/zarfld/IntelAvbFilter/issues/293"/>
        <property name="verifies"   value="https://github.com/zarfld/IntelAvbFilter/issues/294"/>
      </properties>
    </testcase>
    <testcase name="TC-CLEANUP-006: No unexpected .c/.h files at repo root" classname="test_cleanup_archive" time="0">
      <properties>
        <property name="verifies"   value="https://github.com/zarfld/IntelAvbFilter/issues/293"/>
        <property name="verifies"   value="https://github.com/zarfld/IntelAvbFilter/issues/294"/>
      </properties>
    </testcase>
    <testcase name="TC-CLEANUP-007: No stray scripts at repo root" classname="test_cleanup_archive" time="0">
      <properties>
        <property name="verifies"   value="https://github.com/zarfld/IntelAvbFilter/issues/293"/>
        <property name="verifies"   value="https://github.com/zarfld/IntelAvbFilter/issues/294"/>
      </properties>
    </testcase>
  </testsuite>
  <testsuite name="test_clock_config" tests="1" failures="0" skipped="1" errors="0" time="0" hostname="6XI226MACHINE (Microsoft Windows NT 10.0.26200.0)">
    <properties>
      <property name="log_file" value="test_clock_config.exe_20260406_202400.log"/>
      <property name="run_date" value="20260406"/>
      <property name="verifies" value="https://github.com/zarfld/IntelAvbFilter/issues/25"/>
    </properties>
    <testcase name="test_clock_config (overall)" classname="test_clock_config" time="0">
      <properties>
        <property name="verifies"   value="https://github.com/zarfld/IntelAvbFilter/issues/25"/>
      </properties>
      <skipped/>
    </testcase>
  </testsuite>
  <testsuite name="test_clock_working" tests="1" failures="0" skipped="1" errors="0" time="0" hostname="6XI226MACHINE (Microsoft Windows NT 10.0.26200.0)">
    <properties>
      <property name="log_file" value="test_clock_working.exe_20260406_202400.log"/>
      <property name="run_date" value="20260406"/>
      <property name="verifies" value="https://github.com/zarfld/IntelAvbFilter/issues/25"/>
    </properties>
    <testcase name="test_clock_working (overall)" classname="test_clock_working" time="0">
      <properties>
        <property name="verifies"   value="https://github.com/zarfld/IntelAvbFilter/issues/25"/>
      </properties>
      <skipped/>
    </testcase>
  </testsuite>
  <testsuite name="test_compat_win11" tests="6" failures="0" skipped="0" errors="0" time="0" hostname="6XI226MACHINE (Microsoft Windows NT 10.0.26200.0)">
    <properties>
      <property name="log_file" value="test_compat_win11.exe_20260406_202401.log"/>
      <property name="run_date" value="20260406"/>
      <property name="implements" value="https://github.com/zarfld/IntelAvbFilter/issues/256"/>
    </properties>
    <testcase name="TC-WIN11-001: OS build ]= 22000" classname="test_compat_win11" time="0">
      <properties>
        <property name="implements" value="https://github.com/zarfld/IntelAvbFilter/issues/256"/>
      </properties>
    </testcase>
    <testcase name="TC-WIN11-002: Architecture is AMD64" classname="test_compat_win11" time="0">
      <properties>
        <property name="implements" value="https://github.com/zarfld/IntelAvbFilter/issues/256"/>
      </properties>
    </testcase>
    <testcase name="TC-WIN11-003: Service IntelAvbFilter STATE = RUNNING" classname="test_compat_win11" time="0">
      <properties>
        <property name="implements" value="https://github.com/zarfld/IntelAvbFilter/issues/256"/>
      </properties>
    </testcase>
    <testcase name="TC-WIN11-004: Device node accessible on Windows 11" classname="test_compat_win11" time="0">
      <properties>
        <property name="implements" value="https://github.com/zarfld/IntelAvbFilter/issues/256"/>
      </properties>
    </testcase>
    <testcase name="TC-WIN11-005: IOCTL_AVB_GET_VERSION on Windows 11" classname="test_compat_win11" time="0">
      <properties>
        <property name="implements" value="https://github.com/zarfld/IntelAvbFilter/issues/256"/>
      </properties>
    </testcase>
    <testcase name="TC-WIN11-006: Windows 11 version record" classname="test_compat_win11" time="0">
      <properties>
        <property name="implements" value="https://github.com/zarfld/IntelAvbFilter/issues/256"/>
      </properties>
    </testcase>
  </testsuite>
  <testsuite name="test_dev_lifecycle" tests="20" failures="0" skipped="7" errors="0" time="0" hostname="6XI226MACHINE (Microsoft Windows NT 10.0.26200.0)">
    <properties>
      <property name="log_file" value="test_dev_lifecycle.exe_20260406_202401.log"/>
      <property name="run_date" value="20260406"/>
      <property name="verifies" value="https://github.com/zarfld/IntelAvbFilter/issues/12"/>
      <property name="implements" value="https://github.com/zarfld/IntelAvbFilter/issues/313"/>
    </properties>
    <testcase name="UT-DEV-INIT-001: First-Time Device Initialization" classname="test_dev_lifecycle" time="0">
      <properties>
        <property name="verifies"   value="https://github.com/zarfld/IntelAvbFilter/issues/12"/>
        <property name="implements" value="https://github.com/zarfld/IntelAvbFilter/issues/313"/>
      </properties>
    </testcase>
    <testcase name="UT-DEV-INIT-002: Duplicate Initialization Prevention" classname="test_dev_lifecycle" time="0">
      <properties>
        <property name="verifies"   value="https://github.com/zarfld/IntelAvbFilter/issues/12"/>
        <property name="implements" value="https://github.com/zarfld/IntelAvbFilter/issues/313"/>
      </properties>
    </testcase>
    <testcase name="UT-DEV-INFO-001: Device Information Retrieval" classname="test_dev_lifecycle" time="0">
      <properties>
        <property name="verifies"   value="https://github.com/zarfld/IntelAvbFilter/issues/12"/>
        <property name="implements" value="https://github.com/zarfld/IntelAvbFilter/issues/313"/>
      </properties>
    </testcase>
    <testcase name="UT-DEV-INFO-002: Device Info Before Initialization" classname="test_dev_lifecycle" time="0">
      <properties>
        <property name="verifies"   value="https://github.com/zarfld/IntelAvbFilter/issues/12"/>
        <property name="implements" value="https://github.com/zarfld/IntelAvbFilter/issues/313"/>
      </properties>
    </testcase>
    <testcase name="UT-DEV-ENUM-001: Single Adapter Enumeration" classname="test_dev_lifecycle" time="0">
      <properties>
        <property name="verifies"   value="https://github.com/zarfld/IntelAvbFilter/issues/12"/>
        <property name="implements" value="https://github.com/zarfld/IntelAvbFilter/issues/313"/>
      </properties>
    </testcase>
    <testcase name="UT-DEV-ENUM-002: Multiple Adapter Enumeration" classname="test_dev_lifecycle" time="0">
      <properties>
        <property name="verifies"   value="https://github.com/zarfld/IntelAvbFilter/issues/12"/>
        <property name="implements" value="https://github.com/zarfld/IntelAvbFilter/issues/313"/>
      </properties>
    </testcase>
    <testcase name="UT-DEV-ENUM-003: Enumeration with No Adapters: Requires adapter removal" classname="test_dev_lifecycle" time="0">
      <properties>
        <property name="verifies"   value="https://github.com/zarfld/IntelAvbFilter/issues/12"/>
        <property name="implements" value="https://github.com/zarfld/IntelAvbFilter/issues/313"/>
      </properties>
      <skipped/>
    </testcase>
    <testcase name="UT-DEV-OPEN-001: Open First Available Adapter" classname="test_dev_lifecycle" time="0">
      <properties>
        <property name="verifies"   value="https://github.com/zarfld/IntelAvbFilter/issues/12"/>
        <property name="implements" value="https://github.com/zarfld/IntelAvbFilter/issues/313"/>
      </properties>
    </testcase>
    <testcase name="UT-DEV-OPEN-002: Open by Device Path" classname="test_dev_lifecycle" time="0">
      <properties>
        <property name="verifies"   value="https://github.com/zarfld/IntelAvbFilter/issues/12"/>
        <property name="implements" value="https://github.com/zarfld/IntelAvbFilter/issues/313"/>
      </properties>
    </testcase>
    <testcase name="UT-DEV-OPEN-003: Invalid Adapter Index Rejection" classname="test_dev_lifecycle" time="0">
      <properties>
        <property name="verifies"   value="https://github.com/zarfld/IntelAvbFilter/issues/12"/>
        <property name="implements" value="https://github.com/zarfld/IntelAvbFilter/issues/313"/>
      </properties>
    </testcase>
    <testcase name="UT-DEV-OPEN-004: Concurrent Open Requests" classname="test_dev_lifecycle" time="0">
      <properties>
        <property name="verifies"   value="https://github.com/zarfld/IntelAvbFilter/issues/12"/>
        <property name="implements" value="https://github.com/zarfld/IntelAvbFilter/issues/313"/>
      </properties>
    </testcase>
    <testcase name="UT-DEV-HW-STATE-001: Hardware State Retrieval - D0" classname="test_dev_lifecycle" time="0">
      <properties>
        <property name="verifies"   value="https://github.com/zarfld/IntelAvbFilter/issues/12"/>
        <property name="implements" value="https://github.com/zarfld/IntelAvbFilter/issues/313"/>
      </properties>
    </testcase>
    <testcase name="UT-DEV-HW-STATE-002: Hardware State During D3 Transition: Requires power management control" classname="test_dev_lifecycle" time="0">
      <properties>
        <property name="verifies"   value="https://github.com/zarfld/IntelAvbFilter/issues/12"/>
        <property name="implements" value="https://github.com/zarfld/IntelAvbFilter/issues/313"/>
      </properties>
      <skipped/>
    </testcase>
    <testcase name="UT-DEV-HW-STATE-003: Link State Detection: Requires manual cable toggle" classname="test_dev_lifecycle" time="0">
      <properties>
        <property name="verifies"   value="https://github.com/zarfld/IntelAvbFilter/issues/12"/>
        <property name="implements" value="https://github.com/zarfld/IntelAvbFilter/issues/313"/>
      </properties>
      <skipped/>
    </testcase>
    <testcase name="UT-DEV-HW-STATE-004: Resource Allocation Status" classname="test_dev_lifecycle" time="0">
      <properties>
        <property name="verifies"   value="https://github.com/zarfld/IntelAvbFilter/issues/12"/>
        <property name="implements" value="https://github.com/zarfld/IntelAvbFilter/issues/313"/>
      </properties>
    </testcase>
    <testcase name="UT-DEV-LIFECYCLE-001: Full Lifecycle Sequence" classname="test_dev_lifecycle" time="0">
      <properties>
        <property name="verifies"   value="https://github.com/zarfld/IntelAvbFilter/issues/12"/>
        <property name="implements" value="https://github.com/zarfld/IntelAvbFilter/issues/313"/>
      </properties>
    </testcase>
    <testcase name="UT-DEV-LIFECYCLE-002: Initialization After Failed Start: Requires failure injection mechanism" classname="test_dev_lifecycle" time="0">
      <properties>
        <property name="verifies"   value="https://github.com/zarfld/IntelAvbFilter/issues/12"/>
        <property name="implements" value="https://github.com/zarfld/IntelAvbFilter/issues/313"/>
      </properties>
      <skipped/>
    </testcase>
    <testcase name="UT-DEV-LIFECYCLE-003: Hot-Plug Device Detection: Requires manual hot-plug operation" classname="test_dev_lifecycle" time="0">
      <properties>
        <property name="verifies"   value="https://github.com/zarfld/IntelAvbFilter/issues/12"/>
        <property name="implements" value="https://github.com/zarfld/IntelAvbFilter/issues/313"/>
      </properties>
      <skipped/>
    </testcase>
    <testcase name="UT-DEV-LIFECYCLE-004: Graceful Shutdown Sequence: Requires driver shutdown test framework" classname="test_dev_lifecycle" time="0">
      <properties>
        <property name="verifies"   value="https://github.com/zarfld/IntelAvbFilter/issues/12"/>
        <property name="implements" value="https://github.com/zarfld/IntelAvbFilter/issues/313"/>
      </properties>
      <skipped/>
    </testcase>
    <testcase name="UT-DEV-LIFECYCLE-005: PnP Remove and Re-Add: Requires Device Manager control or devcon" classname="test_dev_lifecycle" time="0">
      <properties>
        <property name="verifies"   value="https://github.com/zarfld/IntelAvbFilter/issues/12"/>
        <property name="implements" value="https://github.com/zarfld/IntelAvbFilter/issues/313"/>
      </properties>
      <skipped/>
    </testcase>
  </testsuite>
  <testsuite name="test_device_register_access" tests="1" failures="0" skipped="1" errors="0" time="0" hostname="6XI226MACHINE (Microsoft Windows NT 10.0.26200.0)">
    <properties>
      <property name="log_file" value="test_device_register_access.exe_20260406_111130.log"/>
      <property name="run_date" value="20260406"/>
      <property name="implements" value="https://github.com/zarfld/IntelAvbFilter/issues/40"/>
    </properties>
    <testcase name="test_device_register_access (overall)" classname="test_device_register_access" time="0">
      <properties>
        <property name="implements" value="https://github.com/zarfld/IntelAvbFilter/issues/40"/>
      </properties>
      <skipped/>
    </testcase>
  </testsuite>
  <testsuite name="test_direct_clock" tests="1" failures="0" skipped="1" errors="0" time="0" hostname="6XI226MACHINE (Microsoft Windows NT 10.0.26200.0)">
    <properties>
      <property name="log_file" value="test_direct_clock.exe_20260406_202401.log"/>
      <property name="run_date" value="20260406"/>
      <property name="verifies" value="https://github.com/zarfld/IntelAvbFilter/issues/25"/>
    </properties>
    <testcase name="test_direct_clock (overall)" classname="test_direct_clock" time="0">
      <properties>
        <property name="verifies"   value="https://github.com/zarfld/IntelAvbFilter/issues/25"/>
      </properties>
      <skipped/>
    </testcase>
  </testsuite>
  <testsuite name="test_eee_lpi" tests="5" failures="0" skipped="1" errors="0" time="0" hostname="6XI226MACHINE (Microsoft Windows NT 10.0.26200.0)">
    <properties>
      <property name="log_file" value="test_eee_lpi.exe_20260406_202402.log"/>
      <property name="run_date" value="20260406"/>
      <property name="implements" value="https://github.com/zarfld/IntelAvbFilter/issues/223"/>
    </properties>
    <testcase name="TC-EEE-001: Device node accessible" classname="test_eee_lpi" time="0">
      <properties>
        <property name="implements" value="https://github.com/zarfld/IntelAvbFilter/issues/223"/>
      </properties>
    </testcase>
    <testcase name="TC-EEE-002: IOCTL_AVB_EEE_ENABLE -] EEER" classname="test_eee_lpi" time="0">
      <properties>
        <property name="implements" value="https://github.com/zarfld/IntelAvbFilter/issues/223"/>
      </properties>
    </testcase>
    <testcase name="TC-EEE-003: MDIO read MMD 3.20 EEE Capability" classname="test_eee_lpi" time="0">
      <properties>
        <property name="implements" value="https://github.com/zarfld/IntelAvbFilter/issues/223"/>
      </properties>
    </testcase>
    <testcase name="TC-EEE-004: IOCTL_AVB_EEE_DISABLE -] LPI off" classname="test_eee_lpi" time="0">
      <properties>
        <property name="implements" value="https://github.com/zarfld/IntelAvbFilter/issues/223"/>
      </properties>
    </testcase>
    <testcase name="TC-EEE-005: MDIO read MMD 7.60 EEE Advertisement" classname="test_eee_lpi" time="0">
      <properties>
        <property name="implements" value="https://github.com/zarfld/IntelAvbFilter/issues/223"/>
      </properties>
      <skipped/>
    </testcase>
  </testsuite>
  <testsuite name="test_error_recovery" tests="5" failures="0" skipped="0" errors="0" time="0" hostname="6XI226MACHINE (Microsoft Windows NT 10.0.26200.0)">
    <properties>
      <property name="log_file" value="test_error_recovery.exe_20260406_202402.log"/>
      <property name="run_date" value="20260406"/>
      <property name="verifies" value="https://github.com/zarfld/IntelAvbFilter/issues/72"/>
      <property name="implements" value="https://github.com/zarfld/IntelAvbFilter/issues/215"/>
    </properties>
    <testcase name="TC-ERR-001: IOCTL valid stress" classname="test_error_recovery" time="0">
      <properties>
        <property name="verifies"   value="https://github.com/zarfld/IntelAvbFilter/issues/72"/>
        <property name="implements" value="https://github.com/zarfld/IntelAvbFilter/issues/215"/>
      </properties>
    </testcase>
    <testcase name="TC-ERR-002: Error-path stress" classname="test_error_recovery" time="0">
      <properties>
        <property name="verifies"   value="https://github.com/zarfld/IntelAvbFilter/issues/72"/>
        <property name="implements" value="https://github.com/zarfld/IntelAvbFilter/issues/215"/>
      </properties>
    </testcase>
    <testcase name="TC-ERR-003: Driver Verifier active" classname="test_error_recovery" time="0">
      <properties>
        <property name="verifies"   value="https://github.com/zarfld/IntelAvbFilter/issues/72"/>
        <property name="implements" value="https://github.com/zarfld/IntelAvbFilter/issues/215"/>
      </properties>
    </testcase>
    <testcase name="TC-ERR-004: IOCTL storm" classname="test_error_recovery" time="0">
      <properties>
        <property name="verifies"   value="https://github.com/zarfld/IntelAvbFilter/issues/72"/>
        <property name="implements" value="https://github.com/zarfld/IntelAvbFilter/issues/215"/>
      </properties>
    </testcase>
    <testcase name="TC-ERR-005: Event Log bugcheck scan" classname="test_error_recovery" time="0">
      <properties>
        <property name="verifies"   value="https://github.com/zarfld/IntelAvbFilter/issues/72"/>
        <property name="implements" value="https://github.com/zarfld/IntelAvbFilter/issues/215"/>
      </properties>
    </testcase>
  </testsuite>
  <testsuite name="test_event_latency_4ch" tests="5" failures="0" skipped="3" errors="0" time="41" hostname="6XI226MACHINE (Microsoft Windows NT 10.0.26200.0)">
    <properties>
      <property name="log_file" value="test_event_latency_4ch.exe_20260406_202427.log"/>
      <property name="run_date" value="20260406"/>
      <property name="verifies" value="https://github.com/zarfld/IntelAvbFilter/issues/13"/>
      <property name="implements" value="https://github.com/zarfld/IntelAvbFilter/issues/179"/>
    </properties>
    <testcase name="TC-LAT4-001: CH1-CH4 GPIO delta timings" classname="test_event_latency_4ch" time="0">
      <properties>
        <property name="verifies"   value="https://github.com/zarfld/IntelAvbFilter/issues/13"/>
        <property name="implements" value="https://github.com/zarfld/IntelAvbFilter/issues/179"/>
      </properties>
      <skipped/>
    </testcase>
    <testcase name="TC-LAT4-002: 4-observer arrival ordering" classname="test_event_latency_4ch" time="0">
      <properties>
        <property name="verifies"   value="https://github.com/zarfld/IntelAvbFilter/issues/13"/>
        <property name="implements" value="https://github.com/zarfld/IntelAvbFilter/issues/179"/>
      </properties>
    </testcase>
    <testcase name="TC-LAT4-003: Latency [1 ┬Ás at 1600 ev/s" classname="test_event_latency_4ch" time="0">
      <properties>
        <property name="verifies"   value="https://github.com/zarfld/IntelAvbFilter/issues/13"/>
        <property name="implements" value="https://github.com/zarfld/IntelAvbFilter/issues/179"/>
      </properties>
      <skipped/>
    </testcase>
    <testcase name="TC-LAT4-004: Jitter std dev [100 ns" classname="test_event_latency_4ch" time="0">
      <properties>
        <property name="verifies"   value="https://github.com/zarfld/IntelAvbFilter/issues/13"/>
        <property name="implements" value="https://github.com/zarfld/IntelAvbFilter/issues/179"/>
      </properties>
      <skipped/>
    </testcase>
    <testcase name="TC-LAT4-005: No priority inversion across 4 channels" classname="test_event_latency_4ch" time="0">
      <properties>
        <property name="verifies"   value="https://github.com/zarfld/IntelAvbFilter/issues/13"/>
        <property name="implements" value="https://github.com/zarfld/IntelAvbFilter/issues/179"/>
      </properties>
    </testcase>
  </testsuite>
  <testsuite name="test_event_log" tests="1" failures="0" skipped="0" errors="0" time="38" hostname="6XI226MACHINE (Microsoft Windows NT 10.0.26200.0)">
    <properties>
      <property name="log_file" value="test_event_log.exe_20260406_202529.log"/>
      <property name="run_date" value="20260406"/>
    </properties>
    <testcase name="test_event_log (overall)" classname="test_event_log" time="0"/>
  </testsuite>
  <testsuite name="test_extended_diag" tests="1" failures="0" skipped="1" errors="0" time="0" hostname="6XI226MACHINE (Microsoft Windows NT 10.0.26200.0)">
    <properties>
      <property name="log_file" value="test_extended_diag.exe_20260406_202900.log"/>
      <property name="run_date" value="20260406"/>
    </properties>
    <testcase name="test_extended_diag (overall)" classname="test_extended_diag" time="0"><skipped/></testcase>
  </testsuite>
  <testsuite name="test_gptp_daemon_coexist" tests="1" failures="0" skipped="1" errors="0" time="0" hostname="6XI226MACHINE (Microsoft Windows NT 10.0.26200.0)">
    <properties>
      <property name="log_file" value="test_gptp_daemon_coexist.exe_20260406_202901.log"/>
      <property name="run_date" value="20260406"/>
      <property name="implements" value="https://github.com/zarfld/IntelAvbFilter/issues/240"/>
    </properties>
    <testcase name="TC-COEXIST-001: Detect gPTP daemon process" classname="test_gptp_daemon_coexist" time="0">
      <properties>
        <property name="implements" value="https://github.com/zarfld/IntelAvbFilter/issues/240"/>
      </properties>
      <skipped/>
    </testcase>
  </testsuite>
  <testsuite name="test_gptp_phc_interface" tests="5" failures="0" skipped="0" errors="0" time="0" hostname="6XI226MACHINE (Microsoft Windows NT 10.0.26200.0)">
    <properties>
      <property name="log_file" value="test_gptp_phc_interface.exe_20260406_202901.log"/>
      <property name="run_date" value="20260406"/>
      <property name="verifies" value="https://github.com/zarfld/IntelAvbFilter/issues/48"/>
      <property name="implements" value="https://github.com/zarfld/IntelAvbFilter/issues/210"/>
    </properties>
    <testcase name="TC-GPTP-001: PHC read" classname="test_gptp_phc_interface" time="0">
      <properties>
        <property name="verifies"   value="https://github.com/zarfld/IntelAvbFilter/issues/48"/>
        <property name="implements" value="https://github.com/zarfld/IntelAvbFilter/issues/210"/>
      </properties>
    </testcase>
    <testcase name="TC-GPTP-002: Frequency adjust noop" classname="test_gptp_phc_interface" time="0">
      <properties>
        <property name="verifies"   value="https://github.com/zarfld/IntelAvbFilter/issues/48"/>
        <property name="implements" value="https://github.com/zarfld/IntelAvbFilter/issues/210"/>
      </properties>
    </testcase>
    <testcase name="TC-GPTP-003: Offset adjust 0 ns" classname="test_gptp_phc_interface" time="0">
      <properties>
        <property name="verifies"   value="https://github.com/zarfld/IntelAvbFilter/issues/48"/>
        <property name="implements" value="https://github.com/zarfld/IntelAvbFilter/issues/210"/>
      </properties>
    </testcase>
    <testcase name="TC-GPTP-004: Cross-timestamp stub" classname="test_gptp_phc_interface" time="0">
      <properties>
        <property name="verifies"   value="https://github.com/zarfld/IntelAvbFilter/issues/48"/>
        <property name="implements" value="https://github.com/zarfld/IntelAvbFilter/issues/210"/>
      </properties>
    </testcase>
    <testcase name="TC-GPTP-005: Full gPTP workflow" classname="test_gptp_phc_interface" time="0">
      <properties>
        <property name="verifies"   value="https://github.com/zarfld/IntelAvbFilter/issues/48"/>
        <property name="implements" value="https://github.com/zarfld/IntelAvbFilter/issues/210"/>
      </properties>
    </testcase>
  </testsuite>
  <testsuite name="test_hal_errors" tests="1" failures="0" skipped="0" errors="0" time="0" hostname="6XI226MACHINE (Microsoft Windows NT 10.0.26200.0)">
    <properties>
      <property name="log_file" value="test_hal_errors.exe_20260406_111148.log"/>
      <property name="run_date" value="20260406"/>
      <property name="verifies" value="https://github.com/zarfld/IntelAvbFilter/issues/84"/>
    </properties>
    <testcase name="test_hal_errors (overall)" classname="test_hal_errors" time="0">
      <properties>
        <property name="verifies"   value="https://github.com/zarfld/IntelAvbFilter/issues/84"/>
      </properties>
    </testcase>
  </testsuite>
  <testsuite name="test_hal_performance" tests="1" failures="0" skipped="0" errors="0" time="0" hostname="6XI226MACHINE (Microsoft Windows NT 10.0.26200.0)">
    <properties>
      <property name="log_file" value="test_hal_performance.exe_20260406_111148.log"/>
      <property name="run_date" value="20260406"/>
      <property name="verifies" value="https://github.com/zarfld/IntelAvbFilter/issues/84"/>
    </properties>
    <testcase name="test_hal_performance (overall)" classname="test_hal_performance" time="0">
      <properties>
        <property name="verifies"   value="https://github.com/zarfld/IntelAvbFilter/issues/84"/>
      </properties>
    </testcase>
  </testsuite>
  <testsuite name="test_hal_unit" tests="1" failures="0" skipped="0" errors="0" time="0" hostname="6XI226MACHINE (Microsoft Windows NT 10.0.26200.0)">
    <properties>
      <property name="log_file" value="test_hal_unit.exe_20260406_111147.log"/>
      <property name="run_date" value="20260406"/>
      <property name="verifies" value="https://github.com/zarfld/IntelAvbFilter/issues/84"/>
    </properties>
    <testcase name="test_hal_unit (overall)" classname="test_hal_unit" time="0">
      <properties>
        <property name="verifies"   value="https://github.com/zarfld/IntelAvbFilter/issues/84"/>
      </properties>
    </testcase>
  </testsuite>
  <testsuite name="test_hot_plug" tests="6" failures="0" skipped="3" errors="0" time="0" hostname="6XI226MACHINE (Microsoft Windows NT 10.0.26200.0)">
    <properties>
      <property name="log_file" value="test_hot_plug.exe_20260406_202901.log"/>
      <property name="run_date" value="20260406"/>
      <property name="verifies" value="https://github.com/zarfld/IntelAvbFilter/issues/91"/>
      <property name="implements" value="https://github.com/zarfld/IntelAvbFilter/issues/262"/>
    </properties>
    <testcase name="TC-PNP-001: Enumerate device" classname="test_hot_plug" time="0">
      <properties>
        <property name="verifies"   value="https://github.com/zarfld/IntelAvbFilter/issues/91"/>
        <property name="implements" value="https://github.com/zarfld/IntelAvbFilter/issues/262"/>
      </properties>
    </testcase>
    <testcase name="TC-PNP-002: Device status + IOCTL alive" classname="test_hot_plug" time="0">
      <properties>
        <property name="verifies"   value="https://github.com/zarfld/IntelAvbFilter/issues/91"/>
        <property name="implements" value="https://github.com/zarfld/IntelAvbFilter/issues/262"/>
      </properties>
    </testcase>
    <testcase name="TC-PNP-003: Disable via devcon" classname="test_hot_plug" time="0">
      <properties>
        <property name="verifies"   value="https://github.com/zarfld/IntelAvbFilter/issues/91"/>
        <property name="implements" value="https://github.com/zarfld/IntelAvbFilter/issues/262"/>
      </properties>
      <skipped/>
    </testcase>
    <testcase name="TC-PNP-003 was skipped; cannot test re-enable" classname="test_hot_plug" time="0">
      <properties>
        <property name="verifies"   value="https://github.com/zarfld/IntelAvbFilter/issues/91"/>
        <property name="implements" value="https://github.com/zarfld/IntelAvbFilter/issues/262"/>
      </properties>
      <skipped/>
    </testcase>
    <testcase name="TC-PNP-004: Re-enable via devcon" classname="test_hot_plug" time="0">
      <properties>
        <property name="verifies"   value="https://github.com/zarfld/IntelAvbFilter/issues/91"/>
        <property name="implements" value="https://github.com/zarfld/IntelAvbFilter/issues/262"/>
      </properties>
      <skipped/>
    </testcase>
    <testcase name="TC-PNP-005: PHC functional after re-enable" classname="test_hot_plug" time="0">
      <properties>
        <property name="verifies"   value="https://github.com/zarfld/IntelAvbFilter/issues/91"/>
        <property name="implements" value="https://github.com/zarfld/IntelAvbFilter/issues/262"/>
      </properties>
    </testcase>
  </testsuite>
  <testsuite name="test_hw_state" tests="12" failures="0" skipped="0" errors="0" time="0" hostname="6XI226MACHINE (Microsoft Windows NT 10.0.26200.0)">
    <properties>
      <property name="log_file" value="test_hw_state.exe_20260406_202901.log"/>
      <property name="run_date" value="20260406"/>
      <property name="implements" value="https://github.com/zarfld/IntelAvbFilter/issues/288"/>
    </properties>
    <testcase name="TC-PCI-LAT-001[adapter 0]" classname="test_hw_state" time="0">
      <properties>
        <property name="implements" value="https://github.com/zarfld/IntelAvbFilter/issues/288"/>
      </properties>
    </testcase>
    <testcase name="TC-PCI-LAT-002[adapter 0]" classname="test_hw_state" time="0">
      <properties>
        <property name="implements" value="https://github.com/zarfld/IntelAvbFilter/issues/288"/>
      </properties>
    </testcase>
    <testcase name="TC-PCI-LAT-001[adapter 1]" classname="test_hw_state" time="0">
      <properties>
        <property name="implements" value="https://github.com/zarfld/IntelAvbFilter/issues/288"/>
      </properties>
    </testcase>
    <testcase name="TC-PCI-LAT-002[adapter 1]" classname="test_hw_state" time="0">
      <properties>
        <property name="implements" value="https://github.com/zarfld/IntelAvbFilter/issues/288"/>
      </properties>
    </testcase>
    <testcase name="TC-PCI-LAT-001[adapter 2]" classname="test_hw_state" time="0">
      <properties>
        <property name="implements" value="https://github.com/zarfld/IntelAvbFilter/issues/288"/>
      </properties>
    </testcase>
    <testcase name="TC-PCI-LAT-002[adapter 2]" classname="test_hw_state" time="0">
      <properties>
        <property name="implements" value="https://github.com/zarfld/IntelAvbFilter/issues/288"/>
      </properties>
    </testcase>
    <testcase name="TC-PCI-LAT-001[adapter 3]" classname="test_hw_state" time="0">
      <properties>
        <property name="implements" value="https://github.com/zarfld/IntelAvbFilter/issues/288"/>
      </properties>
    </testcase>
    <testcase name="TC-PCI-LAT-002[adapter 3]" classname="test_hw_state" time="0">
      <properties>
        <property name="implements" value="https://github.com/zarfld/IntelAvbFilter/issues/288"/>
      </properties>
    </testcase>
    <testcase name="TC-PCI-LAT-001[adapter 4]" classname="test_hw_state" time="0">
      <properties>
        <property name="implements" value="https://github.com/zarfld/IntelAvbFilter/issues/288"/>
      </properties>
    </testcase>
    <testcase name="TC-PCI-LAT-002[adapter 4]" classname="test_hw_state" time="0">
      <properties>
        <property name="implements" value="https://github.com/zarfld/IntelAvbFilter/issues/288"/>
      </properties>
    </testcase>
    <testcase name="TC-PCI-LAT-001[adapter 5]" classname="test_hw_state" time="0">
      <properties>
        <property name="implements" value="https://github.com/zarfld/IntelAvbFilter/issues/288"/>
      </properties>
    </testcase>
    <testcase name="TC-PCI-LAT-002[adapter 5]" classname="test_hw_state" time="0">
      <properties>
        <property name="implements" value="https://github.com/zarfld/IntelAvbFilter/issues/288"/>
      </properties>
    </testcase>
  </testsuite>
  <testsuite name="test_hw_state_machine" tests="1" failures="0" skipped="1" errors="0" time="0" hostname="6XI226MACHINE (Microsoft Windows NT 10.0.26200.0)">
    <properties>
      <property name="log_file" value="test_hw_state_machine.exe_20260406_111145.log"/>
      <property name="run_date" value="20260406"/>
      <property name="implements" value="https://github.com/zarfld/IntelAvbFilter/issues/18"/>
    </properties>
    <testcase name="test_hw_state_machine (overall)" classname="test_hw_state_machine" time="0">
      <properties>
        <property name="implements" value="https://github.com/zarfld/IntelAvbFilter/issues/18"/>
      </properties>
      <skipped/>
    </testcase>
  </testsuite>
  <testsuite name="test_hw_ts_ctrl" tests="13" failures="0" skipped="0" errors="0" time="0" hostname="6XI226MACHINE (Microsoft Windows NT 10.0.26200.0)">
    <properties>
      <property name="log_file" value="test_hw_ts_ctrl.exe_20260406_111159.log"/>
      <property name="run_date" value="20260406"/>
      <property name="verifies" value="https://github.com/zarfld/IntelAvbFilter/issues/5"/>
      <property name="implements" value="https://github.com/zarfld/IntelAvbFilter/issues/297"/>
    </properties>
    <testcase name="UT-HW-TS-001: Disable All Timestamping" classname="test_hw_ts_ctrl" time="0">
      <properties>
        <property name="verifies"   value="https://github.com/zarfld/IntelAvbFilter/issues/5"/>
        <property name="implements" value="https://github.com/zarfld/IntelAvbFilter/issues/297"/>
      </properties>
    </testcase>
    <testcase name="UT-HW-TS-002: Enable RX Timestamping Only" classname="test_hw_ts_ctrl" time="0">
      <properties>
        <property name="verifies"   value="https://github.com/zarfld/IntelAvbFilter/issues/5"/>
        <property name="implements" value="https://github.com/zarfld/IntelAvbFilter/issues/297"/>
      </properties>
    </testcase>
    <testcase name="UT-HW-TS-003: Enable TX Timestamping Only" classname="test_hw_ts_ctrl" time="0">
      <properties>
        <property name="verifies"   value="https://github.com/zarfld/IntelAvbFilter/issues/5"/>
        <property name="implements" value="https://github.com/zarfld/IntelAvbFilter/issues/297"/>
      </properties>
    </testcase>
    <testcase name="UT-HW-TS-004: Enable Both RX/TX Timestamping" classname="test_hw_ts_ctrl" time="0">
      <properties>
        <property name="verifies"   value="https://github.com/zarfld/IntelAvbFilter/issues/5"/>
        <property name="implements" value="https://github.com/zarfld/IntelAvbFilter/issues/297"/>
      </properties>
    </testcase>
    <testcase name="UT-HW-TS-005: Invalid Mode Rejection" classname="test_hw_ts_ctrl" time="0">
      <properties>
        <property name="verifies"   value="https://github.com/zarfld/IntelAvbFilter/issues/5"/>
        <property name="implements" value="https://github.com/zarfld/IntelAvbFilter/issues/297"/>
      </properties>
    </testcase>
    <testcase name="UT-HW-TS-006: Rapid Mode Switching" classname="test_hw_ts_ctrl" time="0">
      <properties>
        <property name="verifies"   value="https://github.com/zarfld/IntelAvbFilter/issues/5"/>
        <property name="implements" value="https://github.com/zarfld/IntelAvbFilter/issues/297"/>
      </properties>
    </testcase>
    <testcase name="UT-HW-TS-007: Enable During Active Traffic" classname="test_hw_ts_ctrl" time="0">
      <properties>
        <property name="verifies"   value="https://github.com/zarfld/IntelAvbFilter/issues/5"/>
        <property name="implements" value="https://github.com/zarfld/IntelAvbFilter/issues/297"/>
      </properties>
    </testcase>
    <testcase name="UT-HW-TS-008: Mode Persistence" classname="test_hw_ts_ctrl" time="0">
      <properties>
        <property name="verifies"   value="https://github.com/zarfld/IntelAvbFilter/issues/5"/>
        <property name="implements" value="https://github.com/zarfld/IntelAvbFilter/issues/297"/>
      </properties>
    </testcase>
    <testcase name="UT-HW-TS-009: Concurrent Requests" classname="test_hw_ts_ctrl" time="0">
      <properties>
        <property name="verifies"   value="https://github.com/zarfld/IntelAvbFilter/issues/5"/>
        <property name="implements" value="https://github.com/zarfld/IntelAvbFilter/issues/297"/>
      </properties>
    </testcase>
    <testcase name="UT-HW-TS-010: NULL Pointer Handling" classname="test_hw_ts_ctrl" time="0">
      <properties>
        <property name="verifies"   value="https://github.com/zarfld/IntelAvbFilter/issues/5"/>
        <property name="implements" value="https://github.com/zarfld/IntelAvbFilter/issues/297"/>
      </properties>
    </testcase>
    <testcase name="UT-HW-TS-011: Register Persistence" classname="test_hw_ts_ctrl" time="0">
      <properties>
        <property name="verifies"   value="https://github.com/zarfld/IntelAvbFilter/issues/5"/>
        <property name="implements" value="https://github.com/zarfld/IntelAvbFilter/issues/297"/>
      </properties>
    </testcase>
    <testcase name="UT-HW-TS-012: Hardware Support" classname="test_hw_ts_ctrl" time="0">
      <properties>
        <property name="verifies"   value="https://github.com/zarfld/IntelAvbFilter/issues/5"/>
        <property name="implements" value="https://github.com/zarfld/IntelAvbFilter/issues/297"/>
      </properties>
    </testcase>
    <testcase name="UT-HW-TS-013: Integration with Get/Set Timestamp" classname="test_hw_ts_ctrl" time="0">
      <properties>
        <property name="verifies"   value="https://github.com/zarfld/IntelAvbFilter/issues/5"/>
        <property name="implements" value="https://github.com/zarfld/IntelAvbFilter/issues/297"/>
      </properties>
    </testcase>
  </testsuite>
  <testsuite name="test_ioctl_abi" tests="1" failures="0" skipped="1" errors="0" time="0" hostname="6XI226MACHINE (Microsoft Windows NT 10.0.26200.0)">
    <properties>
      <property name="log_file" value="test_ioctl_abi.exe_20260406_111148.log"/>
      <property name="run_date" value="20260406"/>
      <property name="verifies" value="https://github.com/zarfld/IntelAvbFilter/issues/24"/>
      <property name="implements" value="https://github.com/zarfld/IntelAvbFilter/issues/265"/>
    </properties>
    <testcase name="test_ioctl_abi (overall)" classname="test_ioctl_abi" time="0">
      <properties>
        <property name="verifies"   value="https://github.com/zarfld/IntelAvbFilter/issues/24"/>
        <property name="implements" value="https://github.com/zarfld/IntelAvbFilter/issues/265"/>
      </properties>
      <skipped/>
    </testcase>
  </testsuite>
  <testsuite name="test_ioctl_access_control" tests="5" failures="0" skipped="0" errors="0" time="0" hostname="6XI226MACHINE (Microsoft Windows NT 10.0.26200.0)">
    <properties>
      <property name="log_file" value="test_ioctl_access_control.exe_20260406_202902.log"/>
      <property name="run_date" value="20260406"/>
      <property name="verifies" value="https://github.com/zarfld/IntelAvbFilter/issues/63"/>
      <property name="implements" value="https://github.com/zarfld/IntelAvbFilter/issues/264"/>
    </properties>
    <testcase name="TC-ACCTL-001: Full-access read" classname="test_ioctl_access_control" time="0">
      <properties>
        <property name="verifies"   value="https://github.com/zarfld/IntelAvbFilter/issues/63"/>
        <property name="implements" value="https://github.com/zarfld/IntelAvbFilter/issues/264"/>
      </properties>
    </testcase>
    <testcase name="TC-ACCTL-002: Read-only handle rejects write IOCTL" classname="test_ioctl_access_control" time="0">
      <properties>
        <property name="verifies"   value="https://github.com/zarfld/IntelAvbFilter/issues/63"/>
        <property name="implements" value="https://github.com/zarfld/IntelAvbFilter/issues/264"/>
      </properties>
    </testcase>
    <testcase name="TC-ACCTL-003: Invalid handle rejection" classname="test_ioctl_access_control" time="0">
      <properties>
        <property name="verifies"   value="https://github.com/zarfld/IntelAvbFilter/issues/63"/>
        <property name="implements" value="https://github.com/zarfld/IntelAvbFilter/issues/264"/>
      </properties>
    </testcase>
    <testcase name="TC-ACCTL-004: Closed handle rejection" classname="test_ioctl_access_control" time="0">
      <properties>
        <property name="verifies"   value="https://github.com/zarfld/IntelAvbFilter/issues/63"/>
        <property name="implements" value="https://github.com/zarfld/IntelAvbFilter/issues/264"/>
      </properties>
    </testcase>
    <testcase name="TC-ACCTL-005: Two-handle independence" classname="test_ioctl_access_control" time="0">
      <properties>
        <property name="verifies"   value="https://github.com/zarfld/IntelAvbFilter/issues/63"/>
        <property name="implements" value="https://github.com/zarfld/IntelAvbFilter/issues/264"/>
      </properties>
    </testcase>
  </testsuite>
  <testsuite name="test_ioctl_buffer_fuzz" tests="5" failures="0" skipped="0" errors="0" time="0" hostname="6XI226MACHINE (Microsoft Windows NT 10.0.26200.0)">
    <properties>
      <property name="log_file" value="test_ioctl_buffer_fuzz.exe_20260406_202902.log"/>
      <property name="run_date" value="20260406"/>
      <property name="verifies" value="https://github.com/zarfld/IntelAvbFilter/issues/63"/>
      <property name="implements" value="https://github.com/zarfld/IntelAvbFilter/issues/263"/>
    </properties>
    <testcase name="TC-FUZZ-001: NULL/zero-size buffers ÔÇö no crash" classname="test_ioctl_buffer_fuzz" time="0">
      <properties>
        <property name="verifies"   value="https://github.com/zarfld/IntelAvbFilter/issues/63"/>
        <property name="implements" value="https://github.com/zarfld/IntelAvbFilter/issues/263"/>
      </properties>
    </testcase>
    <testcase name="TC-FUZZ-002: NULL input non-zero length ÔÇö rejected" classname="test_ioctl_buffer_fuzz" time="0">
      <properties>
        <property name="verifies"   value="https://github.com/zarfld/IntelAvbFilter/issues/63"/>
        <property name="implements" value="https://github.com/zarfld/IntelAvbFilter/issues/263"/>
      </properties>
    </testcase>
    <testcase name="TC-FUZZ-003: Undersized buffers ÔÇö no crash" classname="test_ioctl_buffer_fuzz" time="0">
      <properties>
        <property name="verifies"   value="https://github.com/zarfld/IntelAvbFilter/issues/63"/>
        <property name="implements" value="https://github.com/zarfld/IntelAvbFilter/issues/263"/>
      </properties>
    </testcase>
    <testcase name="TC-FUZZ-004: Bogus IOCTL codes rejected" classname="test_ioctl_buffer_fuzz" time="0">
      <properties>
        <property name="verifies"   value="https://github.com/zarfld/IntelAvbFilter/issues/63"/>
        <property name="implements" value="https://github.com/zarfld/IntelAvbFilter/issues/263"/>
      </properties>
    </testcase>
    <testcase name="TC-FUZZ-005: Device still functional" classname="test_ioctl_buffer_fuzz" time="0">
      <properties>
        <property name="verifies"   value="https://github.com/zarfld/IntelAvbFilter/issues/63"/>
        <property name="implements" value="https://github.com/zarfld/IntelAvbFilter/issues/263"/>
      </properties>
    </testcase>
  </testsuite>
  <testsuite name="test_ioctl_fp_ptm" tests="1" failures="0" skipped="1" errors="0" time="0" hostname="6XI226MACHINE (Microsoft Windows NT 10.0.26200.0)">
    <properties>
      <property name="log_file" value="test_ioctl_fp_ptm.exe_20260406_202902.log"/>
      <property name="run_date" value="20260406"/>
      <property name="verifies" value="https://github.com/zarfld/IntelAvbFilter/issues/11"/>
      <property name="implements" value="https://github.com/zarfld/IntelAvbFilter/issues/212"/>
    </properties>
    <testcase name="test_ioctl_fp_ptm (overall)" classname="test_ioctl_fp_ptm" time="0">
      <properties>
        <property name="verifies"   value="https://github.com/zarfld/IntelAvbFilter/issues/11"/>
        <property name="implements" value="https://github.com/zarfld/IntelAvbFilter/issues/212"/>
      </properties>
      <skipped/>
    </testcase>
  </testsuite>
  <testsuite name="test_ioctl_launch_time" tests="18" failures="0" skipped="12" errors="0" time="0" hostname="6XI226MACHINE (Microsoft Windows NT 10.0.26200.0)">
    <properties>
      <property name="log_file" value="test_ioctl_launch_time.exe_20260406_202902.log"/>
      <property name="run_date" value="20260406"/>
      <property name="implements" value="https://github.com/zarfld/IntelAvbFilter/issues/6"/>
      <property name="implements" value="https://github.com/zarfld/IntelAvbFilter/issues/209"/>
    </properties>
    <testcase name="TC-LAUNCH-ABI-001" classname="test_ioctl_launch_time" time="0">
      <properties>
        <property name="implements" value="https://github.com/zarfld/IntelAvbFilter/issues/6"/>
        <property name="implements" value="https://github.com/zarfld/IntelAvbFilter/issues/209"/>
      </properties>
    </testcase>
    <testcase name="TC-LAUNCH-ABI-002" classname="test_ioctl_launch_time" time="0">
      <properties>
        <property name="implements" value="https://github.com/zarfld/IntelAvbFilter/issues/6"/>
        <property name="implements" value="https://github.com/zarfld/IntelAvbFilter/issues/209"/>
      </properties>
    </testcase>
    <testcase name="TC-LAUNCH-API-001" classname="test_ioctl_launch_time" time="0">
      <properties>
        <property name="implements" value="https://github.com/zarfld/IntelAvbFilter/issues/6"/>
[...]
      <properties>
        <property name="verifies"   value="https://github.com/zarfld/IntelAvbFilter/issues/65"/>
        <property name="implements" value="https://github.com/zarfld/IntelAvbFilter/issues/272"/>
      </properties>
    </testcase>
    <testcase name="TC-PERF-PHC-001/adapter:4: PASS: P50 2479 ns [ 6000 ns" classname="test_timestamp_latency" time="0">
      <properties>
        <property name="verifies"   value="https://github.com/zarfld/IntelAvbFilter/issues/65"/>
        <property name="implements" value="https://github.com/zarfld/IntelAvbFilter/issues/272"/>
      </properties>
    </testcase>
    <testcase name="TC-PERF-PHC-002/adapter:4: PASS: P99 5415 ns [ 30000 ns" classname="test_timestamp_latency" time="0">
      <properties>
        <property name="verifies"   value="https://github.com/zarfld/IntelAvbFilter/issues/65"/>
        <property name="implements" value="https://github.com/zarfld/IntelAvbFilter/issues/272"/>
      </properties>
    </testcase>
    <testcase name="TC-PERF-TS-001/adapter:5: PASS: Median 95 ns [ 1┬Ás" classname="test_timestamp_latency" time="0">
      <properties>
        <property name="verifies"   value="https://github.com/zarfld/IntelAvbFilter/issues/65"/>
        <property name="implements" value="https://github.com/zarfld/IntelAvbFilter/issues/272"/>
      </properties>
    </testcase>
    <testcase name="TC-PERF-TS-003/adapter:5: PASS: P99 347 ns [ 2┬Ás" classname="test_timestamp_latency" time="0">
      <properties>
        <property name="verifies"   value="https://github.com/zarfld/IntelAvbFilter/issues/65"/>
        <property name="implements" value="https://github.com/zarfld/IntelAvbFilter/issues/272"/>
      </properties>
    </testcase>
    <testcase name="TC-PERF-TS-002/adapter:5: PASS: Median 2393 ns [ 5us" classname="test_timestamp_latency" time="0">
      <properties>
        <property name="verifies"   value="https://github.com/zarfld/IntelAvbFilter/issues/65"/>
        <property name="implements" value="https://github.com/zarfld/IntelAvbFilter/issues/272"/>
      </properties>
    </testcase>
    <testcase name="TC-PERF-TS-004/adapter:5: PASS: P99 5869 ns [ 100us" classname="test_timestamp_latency" time="0">
      <properties>
        <property name="verifies"   value="https://github.com/zarfld/IntelAvbFilter/issues/65"/>
        <property name="implements" value="https://github.com/zarfld/IntelAvbFilter/issues/272"/>
      </properties>
    </testcase>
    <testcase name="TC-PERF-TS-005/adapter:5: PASS: 100.0% [ 1┬Ás" classname="test_timestamp_latency" time="0">
      <properties>
        <property name="verifies"   value="https://github.com/zarfld/IntelAvbFilter/issues/65"/>
        <property name="implements" value="https://github.com/zarfld/IntelAvbFilter/issues/272"/>
      </properties>
    </testcase>
    <testcase name="TC-PERF-TS-006/adapter:5: PASS: All threads median [1┬Ás, P99 [20┬Ás" classname="test_timestamp_latency" time="0">
      <properties>
        <property name="verifies"   value="https://github.com/zarfld/IntelAvbFilter/issues/65"/>
        <property name="implements" value="https://github.com/zarfld/IntelAvbFilter/issues/272"/>
      </properties>
    </testcase>
    <testcase name="TC-PERF-TS-007/adapter:5: PASS: Variance 1.1% [ 70%" classname="test_timestamp_latency" time="0">
      <properties>
        <property name="verifies"   value="https://github.com/zarfld/IntelAvbFilter/issues/65"/>
        <property name="implements" value="https://github.com/zarfld/IntelAvbFilter/issues/272"/>
      </properties>
    </testcase>
    <testcase name="TC-PERF-TS-008/adapter:5: PASS: Warm-up reduces latency" classname="test_timestamp_latency" time="0">
      <properties>
        <property name="verifies"   value="https://github.com/zarfld/IntelAvbFilter/issues/65"/>
        <property name="implements" value="https://github.com/zarfld/IntelAvbFilter/issues/272"/>
      </properties>
    </testcase>
    <testcase name="TC-PERF-PHC-001/adapter:5: PASS: P50 2196 ns [ 6000 ns" classname="test_timestamp_latency" time="0">
      <properties>
        <property name="verifies"   value="https://github.com/zarfld/IntelAvbFilter/issues/65"/>
        <property name="implements" value="https://github.com/zarfld/IntelAvbFilter/issues/272"/>
      </properties>
    </testcase>
    <testcase name="TC-PERF-PHC-002/adapter:5: PASS: P99 4939 ns [ 30000 ns" classname="test_timestamp_latency" time="0">
      <properties>
        <property name="verifies"   value="https://github.com/zarfld/IntelAvbFilter/issues/65"/>
        <property name="implements" value="https://github.com/zarfld/IntelAvbFilter/issues/272"/>
      </properties>
    </testcase>
  </testsuite>
  <testsuite name="test_ts_event_sub" tests="21" failures="0" skipped="4" errors="0" time="399" hostname="6XI226MACHINE (Microsoft Windows NT 10.0.26200.0)">
    <properties>
      <property name="log_file" value="test_ts_event_sub.exe_20260406_111200.log"/>
      <property name="run_date" value="20260406"/>
      <property name="verifies" value="https://github.com/zarfld/IntelAvbFilter/issues/13"/>
      <property name="implements" value="https://github.com/zarfld/IntelAvbFilter/issues/314"/>
    </properties>
    <testcase name="UT-TS-SUB-001: Basic Event Subscription" classname="test_ts_event_sub" time="0">
      <properties>
        <property name="verifies"   value="https://github.com/zarfld/IntelAvbFilter/issues/13"/>
        <property name="implements" value="https://github.com/zarfld/IntelAvbFilter/issues/314"/>
      </properties>
    </testcase>
    <testcase name="UT-TS-SUB-002: Selective Event Type Subscription" classname="test_ts_event_sub" time="0">
      <properties>
        <property name="verifies"   value="https://github.com/zarfld/IntelAvbFilter/issues/13"/>
        <property name="implements" value="https://github.com/zarfld/IntelAvbFilter/issues/314"/>
      </properties>
    </testcase>
    <testcase name="UT-TS-SUB-003: Multiple Concurrent Subscriptions" classname="test_ts_event_sub" time="0">
      <properties>
        <property name="verifies"   value="https://github.com/zarfld/IntelAvbFilter/issues/13"/>
        <property name="implements" value="https://github.com/zarfld/IntelAvbFilter/issues/314"/>
      </properties>
    </testcase>
    <testcase name="UT-TS-SUB-004: Unsubscribe Operation" classname="test_ts_event_sub" time="0">
      <properties>
        <property name="verifies"   value="https://github.com/zarfld/IntelAvbFilter/issues/13"/>
        <property name="implements" value="https://github.com/zarfld/IntelAvbFilter/issues/314"/>
      </properties>
    </testcase>
    <testcase name="UT-TS-RING-001: Ring Buffer Mapping" classname="test_ts_event_sub" time="0">
      <properties>
        <property name="verifies"   value="https://github.com/zarfld/IntelAvbFilter/issues/13"/>
        <property name="implements" value="https://github.com/zarfld/IntelAvbFilter/issues/314"/>
      </properties>
    </testcase>
    <testcase name="UT-TS-RING-002: Ring Buffer Size Negotiation" classname="test_ts_event_sub" time="0">
      <properties>
        <property name="verifies"   value="https://github.com/zarfld/IntelAvbFilter/issues/13"/>
        <property name="implements" value="https://github.com/zarfld/IntelAvbFilter/issues/314"/>
      </properties>
    </testcase>
    <testcase name="UT-TS-RING-003: Ring Buffer Wraparound" classname="test_ts_event_sub" time="0">
      <properties>
        <property name="verifies"   value="https://github.com/zarfld/IntelAvbFilter/issues/13"/>
        <property name="implements" value="https://github.com/zarfld/IntelAvbFilter/issues/314"/>
      </properties>
    </testcase>
    <testcase name="UT-TS-RING-004: Ring Buffer Read Synchronization" classname="test_ts_event_sub" time="0">
      <properties>
        <property name="verifies"   value="https://github.com/zarfld/IntelAvbFilter/issues/13"/>
        <property name="implements" value="https://github.com/zarfld/IntelAvbFilter/issues/314"/>
      </properties>
    </testcase>
    <testcase name="UT-TS-EVENT-001: RX Timestamp Event Delivery: No RX events received" classname="test_ts_event_sub" time="0">
      <properties>
        <property name="verifies"   value="https://github.com/zarfld/IntelAvbFilter/issues/13"/>
        <property name="implements" value="https://github.com/zarfld/IntelAvbFilter/issues/314"/>
      </properties>
      <skipped/>
    </testcase>
    <testcase name="UT-TS-EVENT-002: TX Timestamp Event Delivery: No TX events received" classname="test_ts_event_sub" time="0">
      <properties>
        <property name="verifies"   value="https://github.com/zarfld/IntelAvbFilter/issues/13"/>
        <property name="implements" value="https://github.com/zarfld/IntelAvbFilter/issues/314"/>
      </properties>
      <skipped/>
    </testcase>
    <testcase name="UT-TS-EVENT-003: Target Time Reached Event" classname="test_ts_event_sub" time="0">
      <properties>
        <property name="verifies"   value="https://github.com/zarfld/IntelAvbFilter/issues/13"/>
        <property name="implements" value="https://github.com/zarfld/IntelAvbFilter/issues/314"/>
      </properties>
    </testcase>
    <testcase name="UT-TS-EVENT-004: Aux Timestamp Event" classname="test_ts_event_sub" time="0">
      <properties>
        <property name="verifies"   value="https://github.com/zarfld/IntelAvbFilter/issues/13"/>
        <property name="implements" value="https://github.com/zarfld/IntelAvbFilter/issues/314"/>
      </properties>
    </testcase>
    <testcase name="UT-TS-EVENT-005: Event Sequence Numbering" classname="test_ts_event_sub" time="0">
      <properties>
        <property name="verifies"   value="https://github.com/zarfld/IntelAvbFilter/issues/13"/>
        <property name="implements" value="https://github.com/zarfld/IntelAvbFilter/issues/314"/>
      </properties>
    </testcase>
    <testcase name="UT-TS-EVENT-006: Event Filtering by Criteria" classname="test_ts_event_sub" time="0">
      <properties>
        <property name="verifies"   value="https://github.com/zarfld/IntelAvbFilter/issues/13"/>
        <property name="implements" value="https://github.com/zarfld/IntelAvbFilter/issues/314"/>
      </properties>
    </testcase>
    <testcase name="UT-TS-RING-005: Ring Buffer Unmap Operation" classname="test_ts_event_sub" time="0">
      <properties>
        <property name="verifies"   value="https://github.com/zarfld/IntelAvbFilter/issues/13"/>
        <property name="implements" value="https://github.com/zarfld/IntelAvbFilter/issues/314"/>
      </properties>
    </testcase>
    <testcase name="UT-TS-PERF-001: High Event Rate Performance: Requires sustained traffic generation (10K events/sec) - benchmark test" classname="test_ts_event_sub" time="0">
      <properties>
        <property name="verifies"   value="https://github.com/zarfld/IntelAvbFilter/issues/13"/>
        <property name="implements" value="https://github.com/zarfld/IntelAvbFilter/issues/314"/>
      </properties>
      <skipped/>
    </testcase>
    <testcase name="UT-TS-ERROR-001: Invalid Subscription Handle" classname="test_ts_event_sub" time="0">
      <properties>
        <property name="verifies"   value="https://github.com/zarfld/IntelAvbFilter/issues/13"/>
        <property name="implements" value="https://github.com/zarfld/IntelAvbFilter/issues/314"/>
      </properties>
    </testcase>
    <testcase name="UT-TS-ERROR-002: Ring Buffer Mapping Failure" classname="test_ts_event_sub" time="0">
      <properties>
        <property name="verifies"   value="https://github.com/zarfld/IntelAvbFilter/issues/13"/>
        <property name="implements" value="https://github.com/zarfld/IntelAvbFilter/issues/314"/>
      </properties>
    </testcase>
    <testcase name="UT-TS-ERROR-003: Event Overflow Notification" classname="test_ts_event_sub" time="0">
      <properties>
        <property name="verifies"   value="https://github.com/zarfld/IntelAvbFilter/issues/13"/>
        <property name="implements" value="https://github.com/zarfld/IntelAvbFilter/issues/314"/>
      </properties>
    </testcase>
    <testcase name="UT-TS-EVENT-001: RX Timestamp Event Delivery" classname="test_ts_event_sub" time="0">
      <properties>
        <property name="verifies"   value="https://github.com/zarfld/IntelAvbFilter/issues/13"/>
        <property name="implements" value="https://github.com/zarfld/IntelAvbFilter/issues/314"/>
      </properties>
    </testcase>
    <testcase name="UT-TS-EVENT-003: Target Time Reached Event: TRGTTIML0 stuck at hardware-reset value - adapter not responding to register writes" classname="test_ts_event_sub" time="0">
      <properties>
        <property name="verifies"   value="https://github.com/zarfld/IntelAvbFilter/issues/13"/>
        <property name="implements" value="https://github.com/zarfld/IntelAvbFilter/issues/314"/>
      </properties>
      <skipped/>
    </testcase>
  </testsuite>
  <testsuite name="test_tsn_ioctl_handlers" tests="1" failures="0" skipped="1" errors="0" time="0" hostname="6XI226MACHINE (Microsoft Windows NT 10.0.26200.0)">
    <properties>
      <property name="log_file" value="test_tsn_ioctl_handlers.exe_20260406_111156.log"/>
      <property name="run_date" value="20260406"/>
    </properties>
    <testcase name="test_tsn_ioctl_handlers (overall)" classname="test_tsn_ioctl_handlers" time="0"><skipped/></testcase>
  </testsuite>
  <testsuite name="test_tsn_ioctl_handlers_um" tests="1" failures="0" skipped="1" errors="0" time="0" hostname="6XI226MACHINE (Microsoft Windows NT 10.0.26200.0)">
    <properties>
      <property name="log_file" value="test_tsn_ioctl_handlers_um.exe_20260406_212408.log"/>
      <property name="run_date" value="20260406"/>
    </properties>
    <testcase name="test_tsn_ioctl_handlers_um (overall)" classname="test_tsn_ioctl_handlers_um" time="0"><skipped/></testcase>
  </testsuite>
  <testsuite name="test_tx_timestamp_retrieval" tests="1" failures="0" skipped="0" errors="0" time="10" hostname="6XI226MACHINE (Microsoft Windows NT 10.0.26200.0)">
    <properties>
      <property name="log_file" value="test_tx_timestamp_retrieval.exe_20260406_111131.log"/>
      <property name="run_date" value="20260406"/>
      <property name="verifies" value="https://github.com/zarfld/IntelAvbFilter/issues/35"/>
    </properties>
    <testcase name="TC-CORR-TX-RX-001: TX/RX PHC correlation" classname="test_tx_timestamp_retrieval" time="0">
      <properties>
        <property name="verifies"   value="https://github.com/zarfld/IntelAvbFilter/issues/35"/>
      </properties>
    </testcase>
  </testsuite>
  <testsuite name="test_vlan_pcp_tc_mapping" tests="5" failures="0" skipped="0" errors="0" time="0" hostname="6XI226MACHINE (Microsoft Windows NT 10.0.26200.0)">
    <properties>
      <property name="log_file" value="test_vlan_pcp_tc_mapping.exe_20260406_212408.log"/>
      <property name="run_date" value="20260406"/>
      <property name="verifies" value="https://github.com/zarfld/IntelAvbFilter/issues/89"/>
      <property name="implements" value="https://github.com/zarfld/IntelAvbFilter/issues/276"/>
    </properties>
    <testcase name="TC-VLAN-001: Configure CBS TC=0" classname="test_vlan_pcp_tc_mapping" time="0">
      <properties>
        <property name="verifies"   value="https://github.com/zarfld/IntelAvbFilter/issues/89"/>
        <property name="implements" value="https://github.com/zarfld/IntelAvbFilter/issues/276"/>
      </properties>
    </testcase>
    <testcase name="TC-VLAN-002: Configure CBS TC=1" classname="test_vlan_pcp_tc_mapping" time="0">
      <properties>
        <property name="verifies"   value="https://github.com/zarfld/IntelAvbFilter/issues/89"/>
        <property name="implements" value="https://github.com/zarfld/IntelAvbFilter/issues/276"/>
      </properties>
    </testcase>
    <testcase name="TC-VLAN-003: HW state operational" classname="test_vlan_pcp_tc_mapping" time="0">
      <properties>
        <property name="verifies"   value="https://github.com/zarfld/IntelAvbFilter/issues/89"/>
        <property name="implements" value="https://github.com/zarfld/IntelAvbFilter/issues/276"/>
      </properties>
    </testcase>
    <testcase name="TC-VLAN-004: Disable CBS TC=0" classname="test_vlan_pcp_tc_mapping" time="0">
      <properties>
        <property name="verifies"   value="https://github.com/zarfld/IntelAvbFilter/issues/89"/>
        <property name="implements" value="https://github.com/zarfld/IntelAvbFilter/issues/276"/>
      </properties>
    </testcase>
    <testcase name="TC-VLAN-005: Read TQAVCTRL register" classname="test_vlan_pcp_tc_mapping" time="0">
      <properties>
        <property name="verifies"   value="https://github.com/zarfld/IntelAvbFilter/issues/89"/>
        <property name="implements" value="https://github.com/zarfld/IntelAvbFilter/issues/276"/>
      </properties>
    </testcase>
  </testsuite>
  <testsuite name="test_vlan_tag" tests="5" failures="0" skipped="0" errors="0" time="0" hostname="6XI226MACHINE (Microsoft Windows NT 10.0.26200.0)">
    <properties>
      <property name="log_file" value="test_vlan_tag.exe_20260406_212408.log"/>
      <property name="run_date" value="20260406"/>
      <property name="implements" value="https://github.com/zarfld/IntelAvbFilter/issues/213"/>
    </properties>
    <testcase name="TC-VLAN-001: Device node accessible" classname="test_vlan_tag" time="0">
      <properties>
        <property name="implements" value="https://github.com/zarfld/IntelAvbFilter/issues/213"/>
      </properties>
    </testcase>
    <testcase name="TC-VLAN-002: IOCTL_AVB_VLAN_ENABLE accepted" classname="test_vlan_tag" time="0">
      <properties>
        <property name="implements" value="https://github.com/zarfld/IntelAvbFilter/issues/213"/>
      </properties>
    </testcase>
    <testcase name="TC-VLAN-003: VLAN config read-back preserved" classname="test_vlan_tag" time="0">
      <properties>
        <property name="implements" value="https://github.com/zarfld/IntelAvbFilter/issues/213"/>
      </properties>
    </testcase>
    <testcase name="TC-VLAN-004: IOCTL_AVB_VLAN_DISABLE accepted" classname="test_vlan_tag" time="0">
      <properties>
        <property name="implements" value="https://github.com/zarfld/IntelAvbFilter/issues/213"/>
      </properties>
    </testcase>
    <testcase name="TC-VLAN-005: Default state is VLAN-disabled" classname="test_vlan_tag" time="0">
      <properties>
        <property name="implements" value="https://github.com/zarfld/IntelAvbFilter/issues/213"/>
      </properties>
    </testcase>
  </testsuite>
  <testsuite name="test_vv_corr_001_stability" tests="1" failures="0" skipped="0" errors="0" time="86412" hostname="6XI226MACHINE (Microsoft Windows NT 10.0.26200.0)">
    <properties>
      <property name="log_file" value="test_vv_corr_001_stability.exe_20260406_212409.log"/>
      <property name="run_date" value="20260406"/>
      <property name="verifies" value="https://github.com/zarfld/IntelAvbFilter/issues/149"/>
    </properties>
    <testcase name="VV-CORR-001 PHC correlation stable over 86400-second run" classname="test_vv_corr_001_stability" time="0">
      <properties>
        <property name="verifies"   value="https://github.com/zarfld/IntelAvbFilter/issues/149"/>
      </properties>
    </testcase>
  </testsuite>
  <testsuite name="tsn_hardware_activation_validation" tests="1" failures="0" skipped="1" errors="0" time="0" hostname="6XI226MACHINE (Microsoft Windows NT 10.0.26200.0)">
    <properties>
      <property name="log_file" value="tsn_hardware_activation_validation.exe_20260406_111156.log"/>
      <property name="run_date" value="20260406"/>
    </properties>
    <testcase name="tsn_hardware_activation_validation (overall)" classname="tsn_hardware_activation_validation" time="0"><skipped/></testcase>
  </testsuite>
</testsuites>

