<?xml version="1.0" encoding="UTF-8"?>
<!-- Generated: 2026-03-29T12:54:42 -->
<!-- Machine: 6XI226MACHINE | Run date: 20260329 | OS: 10.0.26200 -->
<!-- NOTE: Tests require Intel NIC hardware and installed driver -->
<testsuites name="IntelAvbFilter Hardware Tests 20260329" tests="25" failures="0" skipped="3" time="0">
  <testsuite name="ptp_clock_control_test" tests="12" failures="0" skipped="0" errors="0" time="32" hostname="6XI226MACHINE">
    <properties>
      <property name="log_file" value="ptp_clock_control_test.exe_20260329_121159.log"/>
      <property name="run_date" value="20260329"/>
    </properties>
    <testcase name="TC-5a/adapter 0: bracket 50085 ns [ 500 ┬Ás" classname="ptp_clock_control_test" time="0"/>
    <testcase name="TC-5b/adapter 0: PHC monotone, rate 1.029334 in [0.95, 1.10]" classname="ptp_clock_control_test" time="0"/>
    <testcase name="TC-5a/adapter 1: bracket 58200 ns [ 500 ┬Ás" classname="ptp_clock_control_test" time="0"/>
    <testcase name="TC-5b/adapter 1: PHC monotone, rate 1.029328 in [0.95, 1.10]" classname="ptp_clock_control_test" time="0"/>
    <testcase name="TC-5a/adapter 2: bracket 352946 ns [ 500 ┬Ás" classname="ptp_clock_control_test" time="0"/>
    <testcase name="TC-5b/adapter 2: PHC monotone, rate 1.029312 in [0.95, 1.10]" classname="ptp_clock_control_test" time="0"/>
    <testcase name="TC-5a/adapter 3: bracket 106224 ns [ 500 ┬Ás" classname="ptp_clock_control_test" time="0"/>
    <testcase name="TC-5b/adapter 3: PHC monotone, rate 1.029351 in [0.95, 1.10]" classname="ptp_clock_control_test" time="0"/>
    <testcase name="TC-5a/adapter 4: bracket 142718 ns [ 500 ┬Ás" classname="ptp_clock_control_test" time="0"/>
    <testcase name="TC-5b/adapter 4: PHC monotone, rate 1.029119 in [0.95, 1.10]" classname="ptp_clock_control_test" time="0"/>
    <testcase name="TC-5a/adapter 5: bracket 186808 ns [ 500 ┬Ás" classname="ptp_clock_control_test" time="0"/>
    <testcase name="TC-5b/adapter 5: PHC monotone, rate 1.029308 in [0.95, 1.10]" classname="ptp_clock_control_test" time="0"/>
  </testsuite>
  <testsuite name="test_vv_corr_003_crossdomain" tests="7" failures="0" skipped="0" errors="0" time="0" hostname="6XI226MACHINE">
    <properties>
      <property name="log_file" value="test_vv_corr_003_crossdomain.exe_20260329_082654.log"/>
      <property name="run_date" value="20260329"/>
    </properties>
    <testcase name="VV-CORR-003-A phc_xt in [phc_before, phc_after]" classname="test_vv_corr_003_crossdomain" time="0"/>
    <testcase name="VV-CORR-003-A bracket window [ 100┬Ás" classname="test_vv_corr_003_crossdomain" time="0"/>
    <testcase name="VV-CORR-003-A QPC data valid" classname="test_vv_corr_003_crossdomain" time="0"/>
    <testcase name="VV-CORR-003-B tx_ts in [phc_before, phc_after]" classname="test_vv_corr_003_crossdomain" time="0"/>
    <testcase name="VV-CORR-003-C phc_xt [= tx_ts" classname="test_vv_corr_003_crossdomain" time="0"/>
    <testcase name="VV-CORR-003-D RX IOCTL handler reachable" classname="test_vv_corr_003_crossdomain" time="0"/>
    <testcase name="VV-CORR-003-D RX bracket" classname="test_vv_corr_003_crossdomain" time="0"/>
  </testsuite>
  <testsuite name="test_zero_polling_overhead" tests="6" failures="0" skipped="3" errors="0" time="95" hostname="6XI226MACHINE">
    <properties>
      <property name="log_file" value="test_zero_polling_overhead.exe_20260329_100922.log"/>
      <property name="run_date" value="20260329"/>
    </properties>
    <testcase name="TC-ZP-001: Source-code audit ÔÇö no polling in ISR/DPC files" classname="test_zero_polling_overhead" time="0"><skipped/></testcase>
    <testcase name="TC-ZP-002: EITR0 register = 0" classname="test_zero_polling_overhead" time="0"><skipped/></testcase>
    <testcase name="TC-ZP-003: Events arrive while user thread sleeps" classname="test_zero_polling_overhead" time="0"/>
    <testcase name="TC-ZP-004: CPU overhead [ 0.5% during idle subscribe" classname="test_zero_polling_overhead" time="0"/>
    <testcase name="TC-ZP-005: WPR/WPA profiling environment present" classname="test_zero_polling_overhead" time="0"><skipped/></testcase>
    <testcase name="TC-ZP-006: Synchronous subscribe proves interrupt-driven delivery" classname="test_zero_polling_overhead" time="0"/>
  </testsuite>
</testsuites>

